#
# A fatal error has been detected by the Java Runtime Environment:
#
#  SIGBUS (0xa) at pc=0x0000000101af39c4, pid=7786, tid=37635
#
# JRE version: OpenJDK Runtime Environment Homebrew (11.0.12) (build 11.0.12+0)
# Java VM: OpenJDK 64-Bit Server VM Homebrew (11.0.12+0, mixed mode, tiered, compressed oops, g1 gc, bsd-aarch64)
# Problematic frame:
# V  [libjvm.dylib+0x5279c4]  _ZN15PcDescContainer21find_pc_desc_internalEPhbRK12PcDescSearch+0xf4
#
# No core dump will be written. Core dumps have been disabled. To enable core dumping, try "ulimit -c unlimited" before starting Java again
#
# If you would like to submit a bug report, please visit:
#   https://github.com/Homebrew/homebrew-core/issues
#

---------------  S U M M A R Y ------------

Command Line: -Xms256M -Xmx2G -XX:+UseG1GC -XX:MaxGCPauseMillis=20 -XX:InitiatingHeapOccupancyPercent=35 -XX:+ExplicitGCInvokesConcurrent -XX:MaxInlineLevel=15 -Djava.awt.headless=true -Dcom.sun.management.jmxremote -Dcom.sun.management.jmxremote.authenticate=false -Dcom.sun.management.jmxremote.ssl=false -Dkafka.logs.dir=/Users/willianbarbosa/Documents/kafka-3.1.0-src/bin/../logs -Dlog4j.configuration=file:/Users/willianbarbosa/Documents/kafka-3.1.0-src/bin/../config/connect-log4j.properties org.apache.kafka.connect.cli.ConnectStandalone config/src/connect-standalone.properties config/src/quickstart-elasticsearch.properties

Host: MacBookAir10,1 arm64 1 MHz, 8 cores, 8G, Darwin 21.5.0
Time: Wed Jun 22 11:36:26 2022 -03 elapsed time: 1.729900 seconds (0d 0h 0m 1s)

---------------  T H R E A D  ---------------

Current thread (0x000000013248c000):  JavaThread "org.reflections-scanner-8" daemon [_thread_in_Java, id=37635, stack(0x00000001733b4000,0x00000001735b7000)]

Stack: [0x00000001733b4000,0x00000001735b7000],  sp=0x00000001735b4a30,  free space=2050k
Native frames: (J=compiled Java code, A=aot compiled Java code, j=interpreted, Vv=VM code, C=native code)
V  [libjvm.dylib+0x5279c4]  _ZN15PcDescContainer21find_pc_desc_internalEPhbRK12PcDescSearch+0xf4
V  [libjvm.dylib+0x5c8dc4]  _ZN14CompiledMethod12find_pc_descEPhb+0x7c
V  [libjvm.dylib+0x1bdf48]  _ZN14CompiledMethod13scope_desc_atEPh+0x18
V  [libjvm.dylib+0x684494]  _ZN14compiledVFrameC2EPK5framePK11RegisterMapP10JavaThreadP14CompiledMethod+0x5c
V  [libjvm.dylib+0x680ff4]  _ZN6vframe10new_vframeEPK5framePK11RegisterMapP10JavaThread+0xd4
V  [libjvm.dylib+0x1fc468]  _ZN14Deoptimization24fetch_unroll_info_helperEP10JavaThreadi+0x10c
V  [libjvm.dylib+0x1ffcc4]  _ZN14Deoptimization13uncommon_trapEP10JavaThreadii+0x34

Java frames: (J=compiled Java code, j=interpreted, Vv=VM code)
v  blob 0x0000000109a94d2c
J 1509 c2 javassist.bytecode.AttributeInfo.read(Ljavassist/bytecode/ConstPool;Ljava/io/DataInputStream;)Ljavassist/bytecode/AttributeInfo; (524 bytes) @ 0x00000001115b88f0 [0x00000001115af400+0x00000000000094f0]
J 1391 c1 javassist.bytecode.MethodInfo.read(Ljava/io/DataInputStream;)V (72 bytes) @ 0x000000010a2d6690 [0x000000010a2d6380+0x0000000000000310]
J 1585 c1 javassist.bytecode.ClassFile.read(Ljava/io/DataInputStream;)V (301 bytes) @ 0x000000010a322bfc [0x000000010a321a40+0x00000000000011bc]
J 1492 c1 org.reflections.adapters.JavassistAdapter.getOrCreateClassObject(Lorg/reflections/vfs/Vfs$File;)Ljavassist/bytecode/ClassFile; (85 bytes) @ 0x000000010a2ff2d4 [0x000000010a2fee40+0x0000000000000494]
J 1493 c1 org.reflections.scanners.AbstractScanner.scan(Lorg/reflections/vfs/Vfs$File;Ljava/lang/Object;Lorg/reflections/Store;)Ljava/lang/Object; (67 bytes) @ 0x000000010a300b8c [0x000000010a300a80+0x000000000000010c]
j  org.reflections.Reflections.scan(Ljava/net/URL;)V+172
j  org.apache.kafka.connect.runtime.isolation.DelegatingClassLoader$InternalReflections.scan(Ljava/net/URL;)V+2
j  org.reflections.Reflections.lambda$scan$0(Ljava/net/URL;)V+25
j  org.reflections.Reflections$$Lambda$106.run()V+8
j  java.util.concurrent.Executors$RunnableAdapter.call()Ljava/lang/Object;+4 java.base@11.0.12
j  java.util.concurrent.FutureTask.run()V+39 java.base@11.0.12
j  java.util.concurrent.ThreadPoolExecutor.runWorker(Ljava/util/concurrent/ThreadPoolExecutor$Worker;)V+92 java.base@11.0.12
j  java.util.concurrent.ThreadPoolExecutor$Worker.run()V+5 java.base@11.0.12
j  java.lang.Thread.run()V+11 java.base@11.0.12
v  ~StubRoutines::call_stub

siginfo: si_signo: 10 (SIGBUS), si_code: 1 (BUS_ADRALN), si_addr: 0x00000001115add20

Register to memory mapping:

 x0=0x00000001115bfd20 is at entry_point+67872 in (nmethod*)0x00000001115adc90
 x1=0x00000000000094f0 is an unknown value
 x2=0x0 is NULL
 x3=0x00000001735b4a68 is pointing into the stack for thread: 0x000000013248c000
 x4=0x00000001115adc90 is at entry_point+-6000 in (nmethod*)0x00000001115adc90
 x5=0x00000000000000a0 is an unknown value
 x6=0x0 is NULL
 x7=0x0 is NULL
 x8=0x0 is NULL
 x9=0x00000001115bfd20 is at entry_point+67872 in (nmethod*)0x00000001115adc90
x10=0x00000001115bf0b0 is at entry_point+64688 in (nmethod*)0x00000001115adc90
x11=0x0000000000000001 is an unknown value
x12=0x0000000000009588 is an unknown value
x13=0x00000001735b5af8 is pointing into the stack for thread: 0x000000013248c000
x14=0x00000001735b6050 is pointing into the stack for thread: 0x000000013248c000
x15=0x0 is NULL
x16=0x00000001a1c82d4c: pthread_mutex_unlock+0 in /usr/lib/system/libsystem_pthread.dylib at 0x00000001a1c81000
x17=0x00000001735b7000 points into unknown readable memory: 0x6a3c0ce1c2f36b33 | 33 6b f3 c2 e1 0c 3c 6a
x18=0x00000007495c4480 is an oop: [B 
{0x00000007495c4480} - klass: {type array byte}
 - length: 59
x19=0x00000001115add20 is at entry_point+-5856 in (nmethod*)0x00000001115adc90
x20=0x0 is NULL
x21=0x00000000000094f0 is an unknown value
x22=0x00000001735b4a68 is pointing into the stack for thread: 0x000000013248c000
x23=0x00000001115af400 is at entry_point+0 in (nmethod*)0x00000001115adc90
x24=0x00000007495cc200 is an oop: java.util.ArrayList 
{0x00000007495cc200} - klass: 'java/util/ArrayList'
x25=0x0 is NULL
x26=0x0 is NULL
x27=0x0 is NULL
x28=0x000000013248c000 is a thread


Registers:
 x0=0x00000001115bfd20  x1=0x00000000000094f0  x2=0x0000000000000000  x3=0x00000001735b4a68
 x4=0x00000001115adc90  x5=0x00000000000000a0  x6=0x0000000000000000  x7=0x0000000000000000
 x8=0x0000000000000000  x9=0x00000001115bfd20 x10=0x00000001115bf0b0 x11=0x0000000000000001
x12=0x0000000000009588 x13=0x00000001735b5af8 x14=0x00000001735b6050 x15=0x0000000000000000
x16=0x00000001a1c82d4c x17=0x00000001735b7000 x18=0x00000007495c4480 x19=0x00000001115add20
x20=0x0000000000000000 x21=0x00000000000094f0 x22=0x00000001735b4a68 x23=0x00000001115af400
x24=0x00000007495cc200 x25=0x0000000000000000 x26=0x0000000000000000 x27=0x0000000000000000
x28=0x000000013248c000  fp=0x00000001735b4a50  lr=0x0000000101af3924  sp=0x00000001735b4a30
pc=0x0000000101af39c4 cpsr=0x0000000060001000
Top of Stack: (sp=0x00000001735b4a30)
0x00000001735b4a30:   00000001115bef10 00000001115add20
0x00000001735b4a40:   00000001115b88f0 0000000000000000
0x00000001735b4a50:   00000001735b4ab0 0000000101b94dc4
0x00000001735b4a60:   00000001735b4ac0 00000001115af400
0x00000001735b4a70:   00000001115bef10 00000001115c0600
0x00000001735b4a80:   00000007495cc200 00000001115adc90
0x00000001735b4a90:   0000000124aa0210 00000001735b5918
0x00000001735b4aa0:   00000001115adc90 00000001115adc90
0x00000001735b4ab0:   00000001735b4ad0 0000000101789f48
0x00000001735b4ac0:   00000001115adc90 0000000124aa0210
0x00000001735b4ad0:   00000001735b4af0 0000000101c50494
0x00000001735b4ae0:   00000001735b52a8 000000013248c000
0x00000001735b4af0:   00000001735b51a0 0000000101c4cff4
0x00000001735b4b00:   00000001735b5eb0 14b272457069220a
0x00000001735b4b10:   564892b245a617c9 d3cbe48a5d3922b9
0x00000001735b4b20:   00000001735b5eb8 370e1bda94279f24
0x00000001735b4b30:   a0cfe6f9ef3e1c7f 3f27e53493fee586
0x00000001735b4b40:   00000001735b5ec0 56ee30fbf85a6695
0x00000001735b4b50:   49f67893a3c38ae9 ad9eb8ece04a55ac
0x00000001735b4b60:   00000001735b5ec8 d3ef7e67ad3b38b6
0x00000001735b4b70:   1a983563b9f27af0 8580bb3f4f91f239
0x00000001735b4b80:   00000001735b5ed0 97b1cd1b7f7586b4
0x00000001735b4b90:   3e5ae2d935907e35 089a5860dce70caf
0x00000001735b4ba0:   00000001735b5ed8 bf772d0d7f3e1732
0x00000001735b4bb0:   2d2cd24353b75b1f c0f1219a7587b08e
0x00000001735b4bc0:   00000001735b5ee0 d01dea5c49b84abc
0x00000001735b4bd0:   0ef46254a81ded26 925ab893bdff15f8
0x00000001735b4be0:   00000001735b5ee8 074a87549aad5753
0x00000001735b4bf0:   52894d2c7d23cabf ba6d27c9250558bb
0x00000001735b4c00:   00000001735b5ef0 37433452d134575a
0x00000001735b4c10:   53ab6683811bc340 7893a379179aab3c
0x00000001735b4c20:   00000001735b5ef8 0c15555555505555 

Instructions: (pc=0x0000000101af39c4)
0x0000000101af38c4:   93407c42 a8c17bfd 140628f9 a9bd57f6
0x0000000101af38d4:   a9014ff4 a9027bfd 910083fd f9400068
0x0000000101af38e4:   eb01011f 540000a8 cb080035 321f77e8
0x0000000101af38f4:   eb0802bf 540000cd d2800000 a9427bfd
0x0000000101af3904:   a9414ff4 a8c357f6 d65f03c0 aa0303f6
0x0000000101af3914:   aa0203f4 aa0003f3 aa1503e1 97fff485
0x0000000101af3924:   b5fffee0 a940a6c8 d1004129 eb09011f
0x0000000101af3934:   54fffe42 f940026a b940014b 6b15017f
0x0000000101af3944:   9a88b140 9a8ab129 52820008 937c7d0b
0x0000000101af3954:   aa0003ea aa0a03e0 8b0b014a eb09015f
0x0000000101af3964:   540000a2 b940014c 6b15019f 54ffff4b
0x0000000101af3974:   14000002 aa0903ea 13047d0b aa0a03e9
0x0000000101af3984:   71007d1f aa0b03e8 54fffe2c b8410c08
0x0000000101af3994:   6b15011f 54ffffcb 360000b4 b85f0008
0x0000000101af39a4:   6b15011f 54fffaaa 14000003 6b15011f
0x0000000101af39b4:   54fffa41 d2800008 aa0003e9 f8686a6a
0x0000000101af39c4:   f8286a69 91002108 aa0a03e9 f100811f
0x0000000101af39d4:   54ffff61 17ffffca d10383ff a90967fa
0x0000000101af39e4:   a90a5ff8 a90b57f6 a90c4ff4 a90d7bfd
0x0000000101af39f4:   910343fd aa0003f3 d00017a0 9116a000
0x0000000101af3a04:   f9400008 d63f0100 f9400008 f9413d08
0x0000000101af3a14:   f90037e8 3dc00501 3dc00900 ad0383e1
0x0000000101af3a24:   528b1300 72a00020 52800001 940230be
0x0000000101af3a34:   aa0003f4 b40000a0 aa1403e0 528b1301
0x0000000101af3a44:   72a00021 940627b6 f90027ff b90053ff
0x0000000101af3a54:   f9002fff b90063ff 900017e8 d503201f
0x0000000101af3a64:   f9406d08 b40000e8 f90027e8 b90053ff
0x0000000101af3a74:   b9400109 b90063e9 f9002fe8 f90023ff
0x0000000101af3a84:   910103e0 97f191a2 340006c0 52800038
0x0000000101af3a94:   d0001839 9119a339 d0000f75 910b7eb5
0x0000000101af3aa4:   f94023f6 f94002c8 f9404508 aa1603e0
0x0000000101af3ab4:   d63f0100 34000500 b9406ac8 350004c8 


Stack slot to memory mapping:
stack at sp + 0 slots: 0x00000001115bef10 is at entry_point+64272 in (nmethod*)0x00000001115adc90
stack at sp + 1 slots: 0x00000001115add20 is at entry_point+-5856 in (nmethod*)0x00000001115adc90
stack at sp + 2 slots: 0x00000001115b88f0 is at entry_point+38128 in (nmethod*)0x00000001115adc90
stack at sp + 3 slots: 0x0 is NULL
stack at sp + 4 slots: 0x00000001735b4ab0 is pointing into the stack for thread: 0x000000013248c000
stack at sp + 5 slots: 0x0000000101b94dc4: _ZN14CompiledMethod12find_pc_descEPhb+0x7c in /opt/homebrew/Cellar/openjdk@11/11.0.12/libexec/openjdk.jdk/Contents/Home/lib/server/libjvm.dylib at 0x00000001015cc000
stack at sp + 6 slots: 0x00000001735b4ac0 is pointing into the stack for thread: 0x000000013248c000
stack at sp + 7 slots: 0x00000001115af400 is at entry_point+0 in (nmethod*)0x00000001115adc90


---------------  P R O C E S S  ---------------

Threads class SMR info:
_java_thread_list=0x00006000033c1100, length=18, elements={
0x000000013080f800, 0x0000000131010800, 0x0000000130840800, 0x000000013084d800,
0x000000013282a800, 0x0000000132833800, 0x0000000132834800, 0x000000012080a800,
0x0000000132899800, 0x0000000132474000, 0x0000000132c9b000, 0x0000000130cf6000,
0x0000000130db2000, 0x0000000132c95800, 0x0000000132c96800, 0x0000000132c97000,
0x000000013246e000, 0x000000013248c000
}

Java Threads: ( => current thread )
  0x000000013080f800 JavaThread "main" [_thread_blocked, id=6147, stack(0x000000016f740000,0x000000016f943000)]
  0x0000000131010800 JavaThread "Reference Handler" daemon [_thread_blocked, id=13571, stack(0x0000000170594000,0x0000000170797000)]
  0x0000000130840800 JavaThread "Finalizer" daemon [_thread_blocked, id=14339, stack(0x00000001707a0000,0x00000001709a3000)]
  0x000000013084d800 JavaThread "Signal Dispatcher" daemon [_thread_blocked, id=16131, stack(0x0000000170ac4000,0x0000000170cc7000)]
  0x000000013282a800 JavaThread "Service Thread" daemon [_thread_blocked, id=43267, stack(0x0000000170cd0000,0x0000000170ed3000)]
  0x0000000132833800 JavaThread "C2 CompilerThread0" daemon [_thread_in_native, id=43011, stack(0x0000000170edc000,0x00000001710df000)]
  0x0000000132834800 JavaThread "C1 CompilerThread0" daemon [_thread_blocked, id=22787, stack(0x00000001710e8000,0x00000001712eb000)]
  0x000000012080a800 JavaThread "Sweeper thread" daemon [_thread_blocked, id=23299, stack(0x00000001712f4000,0x00000001714f7000)]
  0x0000000132899800 JavaThread "Common-Cleaner" daemon [_thread_blocked, id=42243, stack(0x0000000171500000,0x0000000171703000)]
  0x0000000132474000 JavaThread "RMI TCP Accept-0" daemon [_thread_in_native, id=25347, stack(0x0000000172148000,0x000000017234b000)]
  0x0000000132c9b000 JavaThread "org.reflections-scanner-1" daemon [_thread_in_Java, id=26115, stack(0x0000000172560000,0x0000000172763000)]
  0x0000000130cf6000 JavaThread "org.reflections-scanner-2" daemon [_thread_in_native, id=39683, stack(0x000000017276c000,0x000000017296f000)]
  0x0000000130db2000 JavaThread "org.reflections-scanner-3" daemon [_thread_in_Java, id=27395, stack(0x0000000172978000,0x0000000172b7b000)]
  0x0000000132c95800 JavaThread "org.reflections-scanner-4" daemon [_thread_in_Java, id=27907, stack(0x0000000172b84000,0x0000000172d87000)]
  0x0000000132c96800 JavaThread "org.reflections-scanner-5" daemon [_thread_in_Java, id=28419, stack(0x0000000172d90000,0x0000000172f93000)]
  0x0000000132c97000 JavaThread "org.reflections-scanner-6" daemon [_thread_in_Java, id=28675, stack(0x0000000172f9c000,0x000000017319f000)]
  0x000000013246e000 JavaThread "org.reflections-scanner-7" daemon [_thread_in_Java, id=38403, stack(0x00000001731a8000,0x00000001733ab000)]
=>0x000000013248c000 JavaThread "org.reflections-scanner-8" daemon [_thread_in_Java, id=37635, stack(0x00000001733b4000,0x00000001735b7000)]

Other Threads:
  0x0000000131009800 VMThread "VM Thread" [stack: 0x0000000170388000,0x000000017058b000] [id=13059]
  0x0000000132473000 WatcherThread [stack: 0x0000000172354000,0x0000000172557000] [id=25603]
  0x0000000132020000 GCTaskThread "GC Thread#0" [stack: 0x000000016f94c000,0x000000016fb4f000] [id=20483]
  0x0000000132c0d800 GCTaskThread "GC Thread#1" [stack: 0x000000017170c000,0x000000017190f000] [id=24323]
  0x0000000132c0e800 GCTaskThread "GC Thread#2" [stack: 0x0000000171918000,0x0000000171b1b000] [id=41731]
  0x0000000132c0f800 GCTaskThread "GC Thread#3" [stack: 0x0000000171b24000,0x0000000171d27000] [id=41475]
  0x0000000132c10000 GCTaskThread "GC Thread#4" [stack: 0x0000000171d30000,0x0000000171f33000] [id=25091]
  0x0000000132c11000 GCTaskThread "GC Thread#5" [stack: 0x0000000171f3c000,0x000000017213f000] [id=40963]
  0x0000000132042000 ConcurrentGCThread "G1 Main Marker" [stack: 0x000000016fb58000,0x000000016fd5b000] [id=20227]
  0x0000000132043000 ConcurrentGCThread "G1 Conc#0" [stack: 0x000000016fd64000,0x000000016ff67000] [id=19459]
  0x00000001320e3800 ConcurrentGCThread "G1 Refine#0" [stack: 0x000000016ff70000,0x0000000170173000] [id=12035]
  0x00000001320e4800 ConcurrentGCThread "G1 Young RemSet Sampling" [stack: 0x000000017017c000,0x000000017037f000] [id=12291]

Threads with active compile tasks:
C2 CompilerThread0   1779 1536       4       java.io.DataInputStream::readUTF (501 bytes)

VM state:not at safepoint (normal execution)

VM Mutex/Monitor currently owned by a thread: None

Heap address: 0x0000000740000000, size: 2048 MB, Compressed Oops mode: Zero based, Oop shift amount: 3
Narrow klass base: 0x0000000800000000, Narrow klass shift: 0
Compressed class space size: 1073741824 Address: 0x0000000800000000

Heap:
 garbage-first heap   total 262144K, used 133886K [0x0000000740000000, 0x00000007c0000000)
  region size 1024K, 124 young (126976K), 2 survivors (2048K)
 Metaspace       used 14759K, capacity 15112K, committed 15360K, reserved 1062912K
  class space    used 1532K, capacity 1676K, committed 1792K, reserved 1048576K
Heap Regions: E=young(eden), S=young(survivor), O=old, HS=humongous(starts), HC=humongous(continues), CS=collection set, F=free, A=archive, TAMS=top-at-mark-start (previous, next)
|   0|0x0000000740000000, 0x0000000740100000, 0x0000000740100000|100%| O|  |TAMS 0x0000000740000000, 0x0000000740000000| Untracked 
|   1|0x0000000740100000, 0x0000000740200000, 0x0000000740200000|100%| O|  |TAMS 0x0000000740100000, 0x0000000740100000| Untracked 
|   2|0x0000000740200000, 0x0000000740300000, 0x0000000740300000|100%| O|  |TAMS 0x0000000740200000, 0x0000000740200000| Untracked 
|   3|0x0000000740300000, 0x0000000740400000, 0x0000000740400000|100%| O|  |TAMS 0x0000000740300000, 0x0000000740300000| Untracked 
|   4|0x0000000740400000, 0x0000000740500000, 0x0000000740500000|100%| O|  |TAMS 0x0000000740400000, 0x0000000740400000| Untracked 
|   5|0x0000000740500000, 0x0000000740600000, 0x0000000740600000|100%| O|  |TAMS 0x0000000740500000, 0x0000000740500000| Untracked 
|   6|0x0000000740600000, 0x0000000740700000, 0x0000000740700000|100%| O|  |TAMS 0x0000000740600000, 0x0000000740600000| Untracked 
|   7|0x0000000740700000, 0x0000000740800000, 0x0000000740800000|100%| O|  |TAMS 0x0000000740700000, 0x0000000740700000| Untracked 
|   8|0x0000000740800000, 0x00000007408ab200, 0x0000000740900000| 66%| O|  |TAMS 0x0000000740800000, 0x0000000740800000| Untracked 
|   9|0x0000000740900000, 0x0000000740a00000, 0x0000000740a00000|100%|HS|  |TAMS 0x0000000740900000, 0x0000000740900000| Complete 
|  10|0x0000000740a00000, 0x0000000740a00000, 0x0000000740b00000|  0%| F|  |TAMS 0x0000000740a00000, 0x0000000740a00000| Untracked 
|  11|0x0000000740b00000, 0x0000000740b00000, 0x0000000740c00000|  0%| F|  |TAMS 0x0000000740b00000, 0x0000000740b00000| Untracked 
|  12|0x0000000740c00000, 0x0000000740c00000, 0x0000000740d00000|  0%| F|  |TAMS 0x0000000740c00000, 0x0000000740c00000| Untracked 
|  13|0x0000000740d00000, 0x0000000740d00000, 0x0000000740e00000|  0%| F|  |TAMS 0x0000000740d00000, 0x0000000740d00000| Untracked 
|  14|0x0000000740e00000, 0x0000000740e00000, 0x0000000740f00000|  0%| F|  |TAMS 0x0000000740e00000, 0x0000000740e00000| Untracked 
|  15|0x0000000740f00000, 0x0000000740f00000, 0x0000000741000000|  0%| F|  |TAMS 0x0000000740f00000, 0x0000000740f00000| Untracked 
|  16|0x0000000741000000, 0x0000000741000000, 0x0000000741100000|  0%| F|  |TAMS 0x0000000741000000, 0x0000000741000000| Untracked 
|  17|0x0000000741100000, 0x0000000741100000, 0x0000000741200000|  0%| F|  |TAMS 0x0000000741100000, 0x0000000741100000| Untracked 
|  18|0x0000000741200000, 0x0000000741200000, 0x0000000741300000|  0%| F|  |TAMS 0x0000000741200000, 0x0000000741200000| Untracked 
|  19|0x0000000741300000, 0x0000000741300000, 0x0000000741400000|  0%| F|  |TAMS 0x0000000741300000, 0x0000000741300000| Untracked 
|  20|0x0000000741400000, 0x0000000741400000, 0x0000000741500000|  0%| F|  |TAMS 0x0000000741400000, 0x0000000741400000| Untracked 
|  21|0x0000000741500000, 0x0000000741500000, 0x0000000741600000|  0%| F|  |TAMS 0x0000000741500000, 0x0000000741500000| Untracked 
|  22|0x0000000741600000, 0x0000000741600000, 0x0000000741700000|  0%| F|  |TAMS 0x0000000741600000, 0x0000000741600000| Untracked 
|  23|0x0000000741700000, 0x0000000741700000, 0x0000000741800000|  0%| F|  |TAMS 0x0000000741700000, 0x0000000741700000| Untracked 
|  24|0x0000000741800000, 0x0000000741800000, 0x0000000741900000|  0%| F|  |TAMS 0x0000000741800000, 0x0000000741800000| Untracked 
|  25|0x0000000741900000, 0x0000000741900000, 0x0000000741a00000|  0%| F|  |TAMS 0x0000000741900000, 0x0000000741900000| Untracked 
|  26|0x0000000741a00000, 0x0000000741a00000, 0x0000000741b00000|  0%| F|  |TAMS 0x0000000741a00000, 0x0000000741a00000| Untracked 
|  27|0x0000000741b00000, 0x0000000741b00000, 0x0000000741c00000|  0%| F|  |TAMS 0x0000000741b00000, 0x0000000741b00000| Untracked 
|  28|0x0000000741c00000, 0x0000000741c00000, 0x0000000741d00000|  0%| F|  |TAMS 0x0000000741c00000, 0x0000000741c00000| Untracked 
|  29|0x0000000741d00000, 0x0000000741d00000, 0x0000000741e00000|  0%| F|  |TAMS 0x0000000741d00000, 0x0000000741d00000| Untracked 
|  30|0x0000000741e00000, 0x0000000741e00000, 0x0000000741f00000|  0%| F|  |TAMS 0x0000000741e00000, 0x0000000741e00000| Untracked 
|  31|0x0000000741f00000, 0x0000000741f00000, 0x0000000742000000|  0%| F|  |TAMS 0x0000000741f00000, 0x0000000741f00000| Untracked 
|  32|0x0000000742000000, 0x0000000742000000, 0x0000000742100000|  0%| F|  |TAMS 0x0000000742000000, 0x0000000742000000| Untracked 
|  33|0x0000000742100000, 0x0000000742100000, 0x0000000742200000|  0%| F|  |TAMS 0x0000000742100000, 0x0000000742100000| Untracked 
|  34|0x0000000742200000, 0x0000000742200000, 0x0000000742300000|  0%| F|  |TAMS 0x0000000742200000, 0x0000000742200000| Untracked 
|  35|0x0000000742300000, 0x0000000742300000, 0x0000000742400000|  0%| F|  |TAMS 0x0000000742300000, 0x0000000742300000| Untracked 
|  36|0x0000000742400000, 0x0000000742400000, 0x0000000742500000|  0%| F|  |TAMS 0x0000000742400000, 0x0000000742400000| Untracked 
|  37|0x0000000742500000, 0x0000000742500000, 0x0000000742600000|  0%| F|  |TAMS 0x0000000742500000, 0x0000000742500000| Untracked 
|  38|0x0000000742600000, 0x0000000742600000, 0x0000000742700000|  0%| F|  |TAMS 0x0000000742600000, 0x0000000742600000| Untracked 
|  39|0x0000000742700000, 0x0000000742700000, 0x0000000742800000|  0%| F|  |TAMS 0x0000000742700000, 0x0000000742700000| Untracked 
|  40|0x0000000742800000, 0x0000000742800000, 0x0000000742900000|  0%| F|  |TAMS 0x0000000742800000, 0x0000000742800000| Untracked 
|  41|0x0000000742900000, 0x0000000742900000, 0x0000000742a00000|  0%| F|  |TAMS 0x0000000742900000, 0x0000000742900000| Untracked 
|  42|0x0000000742a00000, 0x0000000742a00000, 0x0000000742b00000|  0%| F|  |TAMS 0x0000000742a00000, 0x0000000742a00000| Untracked 
|  43|0x0000000742b00000, 0x0000000742b00000, 0x0000000742c00000|  0%| F|  |TAMS 0x0000000742b00000, 0x0000000742b00000| Untracked 
|  44|0x0000000742c00000, 0x0000000742c00000, 0x0000000742d00000|  0%| F|  |TAMS 0x0000000742c00000, 0x0000000742c00000| Untracked 
|  45|0x0000000742d00000, 0x0000000742d00000, 0x0000000742e00000|  0%| F|  |TAMS 0x0000000742d00000, 0x0000000742d00000| Untracked 
|  46|0x0000000742e00000, 0x0000000742e00000, 0x0000000742f00000|  0%| F|  |TAMS 0x0000000742e00000, 0x0000000742e00000| Untracked 
|  47|0x0000000742f00000, 0x0000000742f00000, 0x0000000743000000|  0%| F|  |TAMS 0x0000000742f00000, 0x0000000742f00000| Untracked 
|  48|0x0000000743000000, 0x0000000743000000, 0x0000000743100000|  0%| F|  |TAMS 0x0000000743000000, 0x0000000743000000| Untracked 
|  49|0x0000000743100000, 0x0000000743100000, 0x0000000743200000|  0%| F|  |TAMS 0x0000000743100000, 0x0000000743100000| Untracked 
|  50|0x0000000743200000, 0x0000000743200000, 0x0000000743300000|  0%| F|  |TAMS 0x0000000743200000, 0x0000000743200000| Untracked 
|  51|0x0000000743300000, 0x0000000743300000, 0x0000000743400000|  0%| F|  |TAMS 0x0000000743300000, 0x0000000743300000| Untracked 
|  52|0x0000000743400000, 0x0000000743400000, 0x0000000743500000|  0%| F|  |TAMS 0x0000000743400000, 0x0000000743400000| Untracked 
|  53|0x0000000743500000, 0x0000000743500000, 0x0000000743600000|  0%| F|  |TAMS 0x0000000743500000, 0x0000000743500000| Untracked 
|  54|0x0000000743600000, 0x0000000743600000, 0x0000000743700000|  0%| F|  |TAMS 0x0000000743600000, 0x0000000743600000| Untracked 
|  55|0x0000000743700000, 0x0000000743700000, 0x0000000743800000|  0%| F|  |TAMS 0x0000000743700000, 0x0000000743700000| Untracked 
|  56|0x0000000743800000, 0x0000000743800000, 0x0000000743900000|  0%| F|  |TAMS 0x0000000743800000, 0x0000000743800000| Untracked 
|  57|0x0000000743900000, 0x0000000743900000, 0x0000000743a00000|  0%| F|  |TAMS 0x0000000743900000, 0x0000000743900000| Untracked 
|  58|0x0000000743a00000, 0x0000000743a00000, 0x0000000743b00000|  0%| F|  |TAMS 0x0000000743a00000, 0x0000000743a00000| Untracked 
|  59|0x0000000743b00000, 0x0000000743b00000, 0x0000000743c00000|  0%| F|  |TAMS 0x0000000743b00000, 0x0000000743b00000| Untracked 
|  60|0x0000000743c00000, 0x0000000743c00000, 0x0000000743d00000|  0%| F|  |TAMS 0x0000000743c00000, 0x0000000743c00000| Untracked 
|  61|0x0000000743d00000, 0x0000000743d00000, 0x0000000743e00000|  0%| F|  |TAMS 0x0000000743d00000, 0x0000000743d00000| Untracked 
|  62|0x0000000743e00000, 0x0000000743e00000, 0x0000000743f00000|  0%| F|  |TAMS 0x0000000743e00000, 0x0000000743e00000| Untracked 
|  63|0x0000000743f00000, 0x0000000743f00000, 0x0000000744000000|  0%| F|  |TAMS 0x0000000743f00000, 0x0000000743f00000| Untracked 
|  64|0x0000000744000000, 0x0000000744000000, 0x0000000744100000|  0%| F|  |TAMS 0x0000000744000000, 0x0000000744000000| Untracked 
|  65|0x0000000744100000, 0x0000000744100000, 0x0000000744200000|  0%| F|  |TAMS 0x0000000744100000, 0x0000000744100000| Untracked 
|  66|0x0000000744200000, 0x0000000744200000, 0x0000000744300000|  0%| F|  |TAMS 0x0000000744200000, 0x0000000744200000| Untracked 
|  67|0x0000000744300000, 0x0000000744300000, 0x0000000744400000|  0%| F|  |TAMS 0x0000000744300000, 0x0000000744300000| Untracked 
|  68|0x0000000744400000, 0x0000000744400000, 0x0000000744500000|  0%| F|  |TAMS 0x0000000744400000, 0x0000000744400000| Untracked 
|  69|0x0000000744500000, 0x0000000744500000, 0x0000000744600000|  0%| F|  |TAMS 0x0000000744500000, 0x0000000744500000| Untracked 
|  70|0x0000000744600000, 0x0000000744600000, 0x0000000744700000|  0%| F|  |TAMS 0x0000000744600000, 0x0000000744600000| Untracked 
|  71|0x0000000744700000, 0x0000000744700000, 0x0000000744800000|  0%| F|  |TAMS 0x0000000744700000, 0x0000000744700000| Untracked 
|  72|0x0000000744800000, 0x0000000744800000, 0x0000000744900000|  0%| F|  |TAMS 0x0000000744800000, 0x0000000744800000| Untracked 
|  73|0x0000000744900000, 0x0000000744900000, 0x0000000744a00000|  0%| F|  |TAMS 0x0000000744900000, 0x0000000744900000| Untracked 
|  74|0x0000000744a00000, 0x0000000744a00000, 0x0000000744b00000|  0%| F|  |TAMS 0x0000000744a00000, 0x0000000744a00000| Untracked 
|  75|0x0000000744b00000, 0x0000000744b00000, 0x0000000744c00000|  0%| F|  |TAMS 0x0000000744b00000, 0x0000000744b00000| Untracked 
|  76|0x0000000744c00000, 0x0000000744c00000, 0x0000000744d00000|  0%| F|  |TAMS 0x0000000744c00000, 0x0000000744c00000| Untracked 
|  77|0x0000000744d00000, 0x0000000744d00000, 0x0000000744e00000|  0%| F|  |TAMS 0x0000000744d00000, 0x0000000744d00000| Untracked 
|  78|0x0000000744e00000, 0x0000000744e00000, 0x0000000744f00000|  0%| F|  |TAMS 0x0000000744e00000, 0x0000000744e00000| Untracked 
|  79|0x0000000744f00000, 0x0000000744f00000, 0x0000000745000000|  0%| F|  |TAMS 0x0000000744f00000, 0x0000000744f00000| Untracked 
|  80|0x0000000745000000, 0x0000000745000000, 0x0000000745100000|  0%| F|  |TAMS 0x0000000745000000, 0x0000000745000000| Untracked 
|  81|0x0000000745100000, 0x0000000745100000, 0x0000000745200000|  0%| F|  |TAMS 0x0000000745100000, 0x0000000745100000| Untracked 
|  82|0x0000000745200000, 0x0000000745200000, 0x0000000745300000|  0%| F|  |TAMS 0x0000000745200000, 0x0000000745200000| Untracked 
|  83|0x0000000745300000, 0x0000000745300000, 0x0000000745400000|  0%| F|  |TAMS 0x0000000745300000, 0x0000000745300000| Untracked 
|  84|0x0000000745400000, 0x0000000745400000, 0x0000000745500000|  0%| F|  |TAMS 0x0000000745400000, 0x0000000745400000| Untracked 
|  85|0x0000000745500000, 0x0000000745500000, 0x0000000745600000|  0%| F|  |TAMS 0x0000000745500000, 0x0000000745500000| Untracked 
|  86|0x0000000745600000, 0x0000000745600000, 0x0000000745700000|  0%| F|  |TAMS 0x0000000745600000, 0x0000000745600000| Untracked 
|  87|0x0000000745700000, 0x0000000745700000, 0x0000000745800000|  0%| F|  |TAMS 0x0000000745700000, 0x0000000745700000| Untracked 
|  88|0x0000000745800000, 0x0000000745800000, 0x0000000745900000|  0%| F|  |TAMS 0x0000000745800000, 0x0000000745800000| Untracked 
|  89|0x0000000745900000, 0x0000000745900000, 0x0000000745a00000|  0%| F|  |TAMS 0x0000000745900000, 0x0000000745900000| Untracked 
|  90|0x0000000745a00000, 0x0000000745a00000, 0x0000000745b00000|  0%| F|  |TAMS 0x0000000745a00000, 0x0000000745a00000| Untracked 
|  91|0x0000000745b00000, 0x0000000745b00000, 0x0000000745c00000|  0%| F|  |TAMS 0x0000000745b00000, 0x0000000745b00000| Untracked 
|  92|0x0000000745c00000, 0x0000000745c00000, 0x0000000745d00000|  0%| F|  |TAMS 0x0000000745c00000, 0x0000000745c00000| Untracked 
|  93|0x0000000745d00000, 0x0000000745d00000, 0x0000000745e00000|  0%| F|  |TAMS 0x0000000745d00000, 0x0000000745d00000| Untracked 
|  94|0x0000000745e00000, 0x0000000745e00000, 0x0000000745f00000|  0%| F|  |TAMS 0x0000000745e00000, 0x0000000745e00000| Untracked 
|  95|0x0000000745f00000, 0x0000000745f00000, 0x0000000746000000|  0%| F|  |TAMS 0x0000000745f00000, 0x0000000745f00000| Untracked 
|  96|0x0000000746000000, 0x0000000746000000, 0x0000000746100000|  0%| F|  |TAMS 0x0000000746000000, 0x0000000746000000| Untracked 
|  97|0x0000000746100000, 0x0000000746100000, 0x0000000746200000|  0%| F|  |TAMS 0x0000000746100000, 0x0000000746100000| Untracked 
|  98|0x0000000746200000, 0x0000000746200000, 0x0000000746300000|  0%| F|  |TAMS 0x0000000746200000, 0x0000000746200000| Untracked 
|  99|0x0000000746300000, 0x0000000746300000, 0x0000000746400000|  0%| F|  |TAMS 0x0000000746300000, 0x0000000746300000| Untracked 
| 100|0x0000000746400000, 0x0000000746400000, 0x0000000746500000|  0%| F|  |TAMS 0x0000000746400000, 0x0000000746400000| Untracked 
| 101|0x0000000746500000, 0x0000000746500000, 0x0000000746600000|  0%| F|  |TAMS 0x0000000746500000, 0x0000000746500000| Untracked 
| 102|0x0000000746600000, 0x0000000746600000, 0x0000000746700000|  0%| F|  |TAMS 0x0000000746600000, 0x0000000746600000| Untracked 
| 103|0x0000000746700000, 0x0000000746700000, 0x0000000746800000|  0%| F|  |TAMS 0x0000000746700000, 0x0000000746700000| Untracked 
| 104|0x0000000746800000, 0x0000000746800000, 0x0000000746900000|  0%| F|  |TAMS 0x0000000746800000, 0x0000000746800000| Untracked 
| 105|0x0000000746900000, 0x0000000746900000, 0x0000000746a00000|  0%| F|  |TAMS 0x0000000746900000, 0x0000000746900000| Untracked 
| 106|0x0000000746a00000, 0x0000000746a00000, 0x0000000746b00000|  0%| F|  |TAMS 0x0000000746a00000, 0x0000000746a00000| Untracked 
| 107|0x0000000746b00000, 0x0000000746b00000, 0x0000000746c00000|  0%| F|  |TAMS 0x0000000746b00000, 0x0000000746b00000| Untracked 
| 108|0x0000000746c00000, 0x0000000746c00000, 0x0000000746d00000|  0%| F|  |TAMS 0x0000000746c00000, 0x0000000746c00000| Untracked 
| 109|0x0000000746d00000, 0x0000000746d00000, 0x0000000746e00000|  0%| F|  |TAMS 0x0000000746d00000, 0x0000000746d00000| Untracked 
| 110|0x0000000746e00000, 0x0000000746e00000, 0x0000000746f00000|  0%| F|  |TAMS 0x0000000746e00000, 0x0000000746e00000| Untracked 
| 111|0x0000000746f00000, 0x0000000746f00000, 0x0000000747000000|  0%| F|  |TAMS 0x0000000746f00000, 0x0000000746f00000| Untracked 
| 112|0x0000000747000000, 0x0000000747000000, 0x0000000747100000|  0%| F|  |TAMS 0x0000000747000000, 0x0000000747000000| Untracked 
| 113|0x0000000747100000, 0x0000000747100000, 0x0000000747200000|  0%| F|  |TAMS 0x0000000747100000, 0x0000000747100000| Untracked 
| 114|0x0000000747200000, 0x0000000747200000, 0x0000000747300000|  0%| F|  |TAMS 0x0000000747200000, 0x0000000747200000| Untracked 
| 115|0x0000000747300000, 0x0000000747300000, 0x0000000747400000|  0%| F|  |TAMS 0x0000000747300000, 0x0000000747300000| Untracked 
| 116|0x0000000747400000, 0x0000000747400000, 0x0000000747500000|  0%| F|  |TAMS 0x0000000747400000, 0x0000000747400000| Untracked 
| 117|0x0000000747500000, 0x0000000747500000, 0x0000000747600000|  0%| F|  |TAMS 0x0000000747500000, 0x0000000747500000| Untracked 
| 118|0x0000000747600000, 0x0000000747600000, 0x0000000747700000|  0%| F|  |TAMS 0x0000000747600000, 0x0000000747600000| Untracked 
| 119|0x0000000747700000, 0x0000000747700000, 0x0000000747800000|  0%| F|  |TAMS 0x0000000747700000, 0x0000000747700000| Untracked 
| 120|0x0000000747800000, 0x0000000747800000, 0x0000000747900000|  0%| F|  |TAMS 0x0000000747800000, 0x0000000747800000| Untracked 
| 121|0x0000000747900000, 0x0000000747900000, 0x0000000747a00000|  0%| F|  |TAMS 0x0000000747900000, 0x0000000747900000| Untracked 
| 122|0x0000000747a00000, 0x0000000747a00000, 0x0000000747b00000|  0%| F|  |TAMS 0x0000000747a00000, 0x0000000747a00000| Untracked 
| 123|0x0000000747b00000, 0x0000000747b00000, 0x0000000747c00000|  0%| F|  |TAMS 0x0000000747b00000, 0x0000000747b00000| Untracked 
| 124|0x0000000747c00000, 0x0000000747c00000, 0x0000000747d00000|  0%| F|  |TAMS 0x0000000747c00000, 0x0000000747c00000| Untracked 
| 125|0x0000000747d00000, 0x0000000747d00000, 0x0000000747e00000|  0%| F|  |TAMS 0x0000000747d00000, 0x0000000747d00000| Untracked 
| 126|0x0000000747e00000, 0x0000000747e00000, 0x0000000747f00000|  0%| F|  |TAMS 0x0000000747e00000, 0x0000000747e00000| Untracked 
| 127|0x0000000747f00000, 0x0000000747f00000, 0x0000000748000000|  0%| F|  |TAMS 0x0000000747f00000, 0x0000000747f00000| Untracked 
| 128|0x0000000748000000, 0x0000000748000000, 0x0000000748100000|  0%| F|  |TAMS 0x0000000748000000, 0x0000000748000000| Untracked 
| 129|0x0000000748100000, 0x0000000748100000, 0x0000000748200000|  0%| F|  |TAMS 0x0000000748100000, 0x0000000748100000| Untracked 
| 130|0x0000000748200000, 0x0000000748200000, 0x0000000748300000|  0%| F|  |TAMS 0x0000000748200000, 0x0000000748200000| Untracked 
| 131|0x0000000748300000, 0x0000000748300000, 0x0000000748400000|  0%| F|  |TAMS 0x0000000748300000, 0x0000000748300000| Untracked 
| 132|0x0000000748400000, 0x0000000748500000, 0x0000000748500000|100%| E|  |TAMS 0x0000000748400000, 0x0000000748400000| Complete 
| 133|0x0000000748500000, 0x0000000748600000, 0x0000000748600000|100%| E|CS|TAMS 0x0000000748500000, 0x0000000748500000| Complete 
| 134|0x0000000748600000, 0x0000000748700000, 0x0000000748700000|100%| E|CS|TAMS 0x0000000748600000, 0x0000000748600000| Complete 
| 135|0x0000000748700000, 0x0000000748800000, 0x0000000748800000|100%| E|CS|TAMS 0x0000000748700000, 0x0000000748700000| Complete 
| 136|0x0000000748800000, 0x0000000748900000, 0x0000000748900000|100%| E|CS|TAMS 0x0000000748800000, 0x0000000748800000| Complete 
| 137|0x0000000748900000, 0x0000000748a00000, 0x0000000748a00000|100%| E|CS|TAMS 0x0000000748900000, 0x0000000748900000| Complete 
| 138|0x0000000748a00000, 0x0000000748b00000, 0x0000000748b00000|100%| E|CS|TAMS 0x0000000748a00000, 0x0000000748a00000| Complete 
| 139|0x0000000748b00000, 0x0000000748c00000, 0x0000000748c00000|100%| E|CS|TAMS 0x0000000748b00000, 0x0000000748b00000| Complete 
| 140|0x0000000748c00000, 0x0000000748d00000, 0x0000000748d00000|100%| E|CS|TAMS 0x0000000748c00000, 0x0000000748c00000| Complete 
| 141|0x0000000748d00000, 0x0000000748e00000, 0x0000000748e00000|100%| E|CS|TAMS 0x0000000748d00000, 0x0000000748d00000| Complete 
| 142|0x0000000748e00000, 0x0000000748f00000, 0x0000000748f00000|100%| E|CS|TAMS 0x0000000748e00000, 0x0000000748e00000| Complete 
| 143|0x0000000748f00000, 0x0000000749000000, 0x0000000749000000|100%| E|CS|TAMS 0x0000000748f00000, 0x0000000748f00000| Complete 
| 144|0x0000000749000000, 0x0000000749100000, 0x0000000749100000|100%| E|CS|TAMS 0x0000000749000000, 0x0000000749000000| Complete 
| 145|0x0000000749100000, 0x0000000749200000, 0x0000000749200000|100%| E|CS|TAMS 0x0000000749100000, 0x0000000749100000| Complete 
| 146|0x0000000749200000, 0x0000000749300000, 0x0000000749300000|100%| E|CS|TAMS 0x0000000749200000, 0x0000000749200000| Complete 
| 147|0x0000000749300000, 0x0000000749400000, 0x0000000749400000|100%| E|CS|TAMS 0x0000000749300000, 0x0000000749300000| Complete 
| 148|0x0000000749400000, 0x0000000749500000, 0x0000000749500000|100%| E|CS|TAMS 0x0000000749400000, 0x0000000749400000| Complete 
| 149|0x0000000749500000, 0x0000000749600000, 0x0000000749600000|100%| E|CS|TAMS 0x0000000749500000, 0x0000000749500000| Complete 
| 150|0x0000000749600000, 0x0000000749700000, 0x0000000749700000|100%| E|CS|TAMS 0x0000000749600000, 0x0000000749600000| Complete 
| 151|0x0000000749700000, 0x0000000749800000, 0x0000000749800000|100%| E|CS|TAMS 0x0000000749700000, 0x0000000749700000| Complete 
| 152|0x0000000749800000, 0x0000000749900000, 0x0000000749900000|100%| E|CS|TAMS 0x0000000749800000, 0x0000000749800000| Complete 
| 153|0x0000000749900000, 0x0000000749a00000, 0x0000000749a00000|100%| E|CS|TAMS 0x0000000749900000, 0x0000000749900000| Complete 
| 154|0x0000000749a00000, 0x0000000749b00000, 0x0000000749b00000|100%| E|CS|TAMS 0x0000000749a00000, 0x0000000749a00000| Complete 
| 155|0x0000000749b00000, 0x0000000749c00000, 0x0000000749c00000|100%| E|CS|TAMS 0x0000000749b00000, 0x0000000749b00000| Complete 
| 156|0x0000000749c00000, 0x0000000749d00000, 0x0000000749d00000|100%| E|CS|TAMS 0x0000000749c00000, 0x0000000749c00000| Complete 
| 157|0x0000000749d00000, 0x0000000749e00000, 0x0000000749e00000|100%| E|CS|TAMS 0x0000000749d00000, 0x0000000749d00000| Complete 
| 158|0x0000000749e00000, 0x0000000749f00000, 0x0000000749f00000|100%| E|CS|TAMS 0x0000000749e00000, 0x0000000749e00000| Complete 
| 159|0x0000000749f00000, 0x000000074a000000, 0x000000074a000000|100%| E|CS|TAMS 0x0000000749f00000, 0x0000000749f00000| Complete 
| 160|0x000000074a000000, 0x000000074a100000, 0x000000074a100000|100%| E|CS|TAMS 0x000000074a000000, 0x000000074a000000| Complete 
| 161|0x000000074a100000, 0x000000074a200000, 0x000000074a200000|100%| E|CS|TAMS 0x000000074a100000, 0x000000074a100000| Complete 
| 162|0x000000074a200000, 0x000000074a300000, 0x000000074a300000|100%| E|CS|TAMS 0x000000074a200000, 0x000000074a200000| Complete 
| 163|0x000000074a300000, 0x000000074a400000, 0x000000074a400000|100%| E|CS|TAMS 0x000000074a300000, 0x000000074a300000| Complete 
| 164|0x000000074a400000, 0x000000074a500000, 0x000000074a500000|100%| E|CS|TAMS 0x000000074a400000, 0x000000074a400000| Complete 
| 165|0x000000074a500000, 0x000000074a600000, 0x000000074a600000|100%| E|CS|TAMS 0x000000074a500000, 0x000000074a500000| Complete 
| 166|0x000000074a600000, 0x000000074a700000, 0x000000074a700000|100%| E|CS|TAMS 0x000000074a600000, 0x000000074a600000| Complete 
| 167|0x000000074a700000, 0x000000074a800000, 0x000000074a800000|100%| E|CS|TAMS 0x000000074a700000, 0x000000074a700000| Complete 
| 168|0x000000074a800000, 0x000000074a900000, 0x000000074a900000|100%| E|CS|TAMS 0x000000074a800000, 0x000000074a800000| Complete 
| 169|0x000000074a900000, 0x000000074aa00000, 0x000000074aa00000|100%| E|CS|TAMS 0x000000074a900000, 0x000000074a900000| Complete 
| 170|0x000000074aa00000, 0x000000074ab00000, 0x000000074ab00000|100%| E|CS|TAMS 0x000000074aa00000, 0x000000074aa00000| Complete 
| 171|0x000000074ab00000, 0x000000074ac00000, 0x000000074ac00000|100%| E|CS|TAMS 0x000000074ab00000, 0x000000074ab00000| Complete 
| 172|0x000000074ac00000, 0x000000074ad00000, 0x000000074ad00000|100%| E|CS|TAMS 0x000000074ac00000, 0x000000074ac00000| Complete 
| 173|0x000000074ad00000, 0x000000074ae00000, 0x000000074ae00000|100%| E|CS|TAMS 0x000000074ad00000, 0x000000074ad00000| Complete 
| 174|0x000000074ae00000, 0x000000074af00000, 0x000000074af00000|100%| E|CS|TAMS 0x000000074ae00000, 0x000000074ae00000| Complete 
| 175|0x000000074af00000, 0x000000074b000000, 0x000000074b000000|100%| E|CS|TAMS 0x000000074af00000, 0x000000074af00000| Complete 
| 176|0x000000074b000000, 0x000000074b100000, 0x000000074b100000|100%| E|CS|TAMS 0x000000074b000000, 0x000000074b000000| Complete 
| 177|0x000000074b100000, 0x000000074b200000, 0x000000074b200000|100%| E|  |TAMS 0x000000074b100000, 0x000000074b100000| Complete 
| 178|0x000000074b200000, 0x000000074b300000, 0x000000074b300000|100%| E|CS|TAMS 0x000000074b200000, 0x000000074b200000| Complete 
| 179|0x000000074b300000, 0x000000074b400000, 0x000000074b400000|100%| E|CS|TAMS 0x000000074b300000, 0x000000074b300000| Complete 
| 180|0x000000074b400000, 0x000000074b500000, 0x000000074b500000|100%| E|CS|TAMS 0x000000074b400000, 0x000000074b400000| Complete 
| 181|0x000000074b500000, 0x000000074b600000, 0x000000074b600000|100%| E|CS|TAMS 0x000000074b500000, 0x000000074b500000| Complete 
| 182|0x000000074b600000, 0x000000074b700000, 0x000000074b700000|100%| E|CS|TAMS 0x000000074b600000, 0x000000074b600000| Complete 
| 183|0x000000074b700000, 0x000000074b800000, 0x000000074b800000|100%| E|CS|TAMS 0x000000074b700000, 0x000000074b700000| Complete 
| 184|0x000000074b800000, 0x000000074b900000, 0x000000074b900000|100%| E|CS|TAMS 0x000000074b800000, 0x000000074b800000| Complete 
| 185|0x000000074b900000, 0x000000074ba00000, 0x000000074ba00000|100%| E|CS|TAMS 0x000000074b900000, 0x000000074b900000| Complete 
| 186|0x000000074ba00000, 0x000000074bb00000, 0x000000074bb00000|100%| E|CS|TAMS 0x000000074ba00000, 0x000000074ba00000| Complete 
| 187|0x000000074bb00000, 0x000000074bc00000, 0x000000074bc00000|100%| E|CS|TAMS 0x000000074bb00000, 0x000000074bb00000| Complete 
| 188|0x000000074bc00000, 0x000000074bd00000, 0x000000074bd00000|100%| E|CS|TAMS 0x000000074bc00000, 0x000000074bc00000| Complete 
| 189|0x000000074bd00000, 0x000000074be00000, 0x000000074be00000|100%| E|CS|TAMS 0x000000074bd00000, 0x000000074bd00000| Complete 
| 190|0x000000074be00000, 0x000000074bf00000, 0x000000074bf00000|100%| E|CS|TAMS 0x000000074be00000, 0x000000074be00000| Complete 
| 191|0x000000074bf00000, 0x000000074c000000, 0x000000074c000000|100%| E|CS|TAMS 0x000000074bf00000, 0x000000074bf00000| Complete 
| 192|0x000000074c000000, 0x000000074c100000, 0x000000074c100000|100%| E|CS|TAMS 0x000000074c000000, 0x000000074c000000| Complete 
| 193|0x000000074c100000, 0x000000074c200000, 0x000000074c200000|100%| E|CS|TAMS 0x000000074c100000, 0x000000074c100000| Complete 
| 194|0x000000074c200000, 0x000000074c300000, 0x000000074c300000|100%| E|CS|TAMS 0x000000074c200000, 0x000000074c200000| Complete 
| 195|0x000000074c300000, 0x000000074c400000, 0x000000074c400000|100%| E|CS|TAMS 0x000000074c300000, 0x000000074c300000| Complete 
| 196|0x000000074c400000, 0x000000074c500000, 0x000000074c500000|100%| E|CS|TAMS 0x000000074c400000, 0x000000074c400000| Complete 
| 197|0x000000074c500000, 0x000000074c600000, 0x000000074c600000|100%| E|CS|TAMS 0x000000074c500000, 0x000000074c500000| Complete 
| 198|0x000000074c600000, 0x000000074c700000, 0x000000074c700000|100%| E|CS|TAMS 0x000000074c600000, 0x000000074c600000| Complete 
| 199|0x000000074c700000, 0x000000074c800000, 0x000000074c800000|100%| E|CS|TAMS 0x000000074c700000, 0x000000074c700000| Complete 
| 200|0x000000074c800000, 0x000000074c900000, 0x000000074c900000|100%| E|CS|TAMS 0x000000074c800000, 0x000000074c800000| Complete 
| 201|0x000000074c900000, 0x000000074ca00000, 0x000000074ca00000|100%| E|CS|TAMS 0x000000074c900000, 0x000000074c900000| Complete 
| 202|0x000000074ca00000, 0x000000074cb00000, 0x000000074cb00000|100%| E|CS|TAMS 0x000000074ca00000, 0x000000074ca00000| Complete 
| 203|0x000000074cb00000, 0x000000074cc00000, 0x000000074cc00000|100%| E|CS|TAMS 0x000000074cb00000, 0x000000074cb00000| Complete 
| 204|0x000000074cc00000, 0x000000074cd00000, 0x000000074cd00000|100%| E|CS|TAMS 0x000000074cc00000, 0x000000074cc00000| Complete 
| 205|0x000000074cd00000, 0x000000074ce00000, 0x000000074ce00000|100%| E|CS|TAMS 0x000000074cd00000, 0x000000074cd00000| Complete 
| 206|0x000000074ce00000, 0x000000074cf00000, 0x000000074cf00000|100%| E|CS|TAMS 0x000000074ce00000, 0x000000074ce00000| Complete 
| 207|0x000000074cf00000, 0x000000074d000000, 0x000000074d000000|100%| E|CS|TAMS 0x000000074cf00000, 0x000000074cf00000| Complete 
| 208|0x000000074d000000, 0x000000074d100000, 0x000000074d100000|100%| E|CS|TAMS 0x000000074d000000, 0x000000074d000000| Complete 
| 209|0x000000074d100000, 0x000000074d200000, 0x000000074d200000|100%| E|CS|TAMS 0x000000074d100000, 0x000000074d100000| Complete 
| 210|0x000000074d200000, 0x000000074d300000, 0x000000074d300000|100%| E|CS|TAMS 0x000000074d200000, 0x000000074d200000| Complete 
| 211|0x000000074d300000, 0x000000074d400000, 0x000000074d400000|100%| E|CS|TAMS 0x000000074d300000, 0x000000074d300000| Complete 
| 212|0x000000074d400000, 0x000000074d500000, 0x000000074d500000|100%| E|CS|TAMS 0x000000074d400000, 0x000000074d400000| Complete 
| 213|0x000000074d500000, 0x000000074d600000, 0x000000074d600000|100%| E|CS|TAMS 0x000000074d500000, 0x000000074d500000| Complete 
| 214|0x000000074d600000, 0x000000074d700000, 0x000000074d700000|100%| E|CS|TAMS 0x000000074d600000, 0x000000074d600000| Complete 
| 215|0x000000074d700000, 0x000000074d800000, 0x000000074d800000|100%| E|CS|TAMS 0x000000074d700000, 0x000000074d700000| Complete 
| 216|0x000000074d800000, 0x000000074d900000, 0x000000074d900000|100%| E|CS|TAMS 0x000000074d800000, 0x000000074d800000| Complete 
| 217|0x000000074d900000, 0x000000074da00000, 0x000000074da00000|100%| E|CS|TAMS 0x000000074d900000, 0x000000074d900000| Complete 
| 218|0x000000074da00000, 0x000000074db00000, 0x000000074db00000|100%| E|CS|TAMS 0x000000074da00000, 0x000000074da00000| Complete 
| 219|0x000000074db00000, 0x000000074dc00000, 0x000000074dc00000|100%| E|CS|TAMS 0x000000074db00000, 0x000000074db00000| Complete 
| 220|0x000000074dc00000, 0x000000074dd00000, 0x000000074dd00000|100%| E|CS|TAMS 0x000000074dc00000, 0x000000074dc00000| Complete 
| 221|0x000000074dd00000, 0x000000074de00000, 0x000000074de00000|100%| E|CS|TAMS 0x000000074dd00000, 0x000000074dd00000| Complete 
| 222|0x000000074de00000, 0x000000074df00000, 0x000000074df00000|100%| E|CS|TAMS 0x000000074de00000, 0x000000074de00000| Complete 
| 223|0x000000074df00000, 0x000000074e000000, 0x000000074e000000|100%| E|CS|TAMS 0x000000074df00000, 0x000000074df00000| Complete 
| 224|0x000000074e000000, 0x000000074e100000, 0x000000074e100000|100%| E|CS|TAMS 0x000000074e000000, 0x000000074e000000| Complete 
| 225|0x000000074e100000, 0x000000074e200000, 0x000000074e200000|100%| E|CS|TAMS 0x000000074e100000, 0x000000074e100000| Complete 
| 226|0x000000074e200000, 0x000000074e300000, 0x000000074e300000|100%| E|CS|TAMS 0x000000074e200000, 0x000000074e200000| Complete 
| 227|0x000000074e300000, 0x000000074e400000, 0x000000074e400000|100%| E|CS|TAMS 0x000000074e300000, 0x000000074e300000| Complete 
| 228|0x000000074e400000, 0x000000074e500000, 0x000000074e500000|100%| E|CS|TAMS 0x000000074e400000, 0x000000074e400000| Complete 
| 229|0x000000074e500000, 0x000000074e600000, 0x000000074e600000|100%| E|CS|TAMS 0x000000074e500000, 0x000000074e500000| Complete 
| 230|0x000000074e600000, 0x000000074e700000, 0x000000074e700000|100%| E|CS|TAMS 0x000000074e600000, 0x000000074e600000| Complete 
| 231|0x000000074e700000, 0x000000074e800000, 0x000000074e800000|100%| E|CS|TAMS 0x000000074e700000, 0x000000074e700000| Complete 
| 232|0x000000074e800000, 0x000000074e900000, 0x000000074e900000|100%| E|CS|TAMS 0x000000074e800000, 0x000000074e800000| Complete 
| 233|0x000000074e900000, 0x000000074ea00000, 0x000000074ea00000|100%| E|CS|TAMS 0x000000074e900000, 0x000000074e900000| Complete 
| 234|0x000000074ea00000, 0x000000074eb00000, 0x000000074eb00000|100%| E|CS|TAMS 0x000000074ea00000, 0x000000074ea00000| Complete 
| 235|0x000000074eb00000, 0x000000074ec00000, 0x000000074ec00000|100%| E|CS|TAMS 0x000000074eb00000, 0x000000074eb00000| Complete 
| 236|0x000000074ec00000, 0x000000074ed00000, 0x000000074ed00000|100%| E|CS|TAMS 0x000000074ec00000, 0x000000074ec00000| Complete 
| 237|0x000000074ed00000, 0x000000074ee00000, 0x000000074ee00000|100%| E|CS|TAMS 0x000000074ed00000, 0x000000074ed00000| Complete 
| 238|0x000000074ee00000, 0x000000074ef00000, 0x000000074ef00000|100%| E|CS|TAMS 0x000000074ee00000, 0x000000074ee00000| Complete 
| 239|0x000000074ef00000, 0x000000074ef149c0, 0x000000074f000000|  8%| S|CS|TAMS 0x000000074ef00000, 0x000000074ef00000| Complete 
| 240|0x000000074f000000, 0x000000074f100000, 0x000000074f100000|100%| S|CS|TAMS 0x000000074f000000, 0x000000074f000000| Complete 
| 241|0x000000074f100000, 0x000000074f200000, 0x000000074f200000|100%| E|CS|TAMS 0x000000074f100000, 0x000000074f100000| Complete 
| 242|0x000000074f200000, 0x000000074f300000, 0x000000074f300000|100%| E|CS|TAMS 0x000000074f200000, 0x000000074f200000| Complete 
| 243|0x000000074f300000, 0x000000074f400000, 0x000000074f400000|100%| E|CS|TAMS 0x000000074f300000, 0x000000074f300000| Complete 
| 244|0x000000074f400000, 0x000000074f500000, 0x000000074f500000|100%| E|CS|TAMS 0x000000074f400000, 0x000000074f400000| Complete 
| 245|0x000000074f500000, 0x000000074f600000, 0x000000074f600000|100%| E|CS|TAMS 0x000000074f500000, 0x000000074f500000| Complete 
| 246|0x000000074f600000, 0x000000074f700000, 0x000000074f700000|100%| E|CS|TAMS 0x000000074f600000, 0x000000074f600000| Complete 
| 247|0x000000074f700000, 0x000000074f800000, 0x000000074f800000|100%| E|CS|TAMS 0x000000074f700000, 0x000000074f700000| Complete 
| 248|0x000000074f800000, 0x000000074f900000, 0x000000074f900000|100%| E|CS|TAMS 0x000000074f800000, 0x000000074f800000| Complete 
| 249|0x000000074f900000, 0x000000074fa00000, 0x000000074fa00000|100%| E|CS|TAMS 0x000000074f900000, 0x000000074f900000| Complete 
| 250|0x000000074fa00000, 0x000000074fb00000, 0x000000074fb00000|100%| E|CS|TAMS 0x000000074fa00000, 0x000000074fa00000| Complete 
| 251|0x000000074fb00000, 0x000000074fc00000, 0x000000074fc00000|100%| E|CS|TAMS 0x000000074fb00000, 0x000000074fb00000| Complete 
| 252|0x000000074fc00000, 0x000000074fd00000, 0x000000074fd00000|100%| E|CS|TAMS 0x000000074fc00000, 0x000000074fc00000| Complete 
| 253|0x000000074fd00000, 0x000000074fe00000, 0x000000074fe00000|100%| E|CS|TAMS 0x000000074fd00000, 0x000000074fd00000| Complete 
| 254|0x000000074fe00000, 0x000000074ff00000, 0x000000074ff00000|100%| E|CS|TAMS 0x000000074fe00000, 0x000000074fe00000| Complete 
| 255|0x000000074ff00000, 0x0000000750000000, 0x0000000750000000|100%| E|CS|TAMS 0x000000074ff00000, 0x000000074ff00000| Complete 

Card table byte_map: [0x0000000101078000,0x0000000101478000] _byte_map_base: 0x00000000fd678000

Marking Bits (Prev, Next): (CMBitMap*) 0x0000000132039a18, (CMBitMap*) 0x0000000132039a50
 Prev Bits: [0x0000000118e60000, 0x000000011ae60000)
 Next Bits: [0x000000011ae60000, 0x000000011ce60000)

Polling page: 0x00000001008dc000

Metaspace:

Usage:
  Non-class:     13.12 MB capacity,    12.92 MB ( 98%) used,   170.77 KB (  1%) free+waste,    38.19 KB ( <1%) overhead. 
      Class:      1.64 MB capacity,     1.50 MB ( 91%) used,   123.66 KB (  7%) free+waste,    20.19 KB (  1%) overhead. 
       Both:     14.76 MB capacity,    14.41 MB ( 98%) used,   294.42 KB (  2%) free+waste,    58.38 KB ( <1%) overhead. 

Virtual space:
  Non-class space:       14.00 MB reserved,      13.25 MB ( 95%) committed 
      Class space:        1.00 GB reserved,       1.75 MB ( <1%) committed 
             Both:        1.01 GB reserved,      15.00 MB (  1%) committed 

Chunk freelists:
   Non-Class:  4.00 KB
       Class:  20.00 KB
        Both:  24.00 KB

MaxMetaspaceSize: unlimited
CompressedClassSpaceSize: 1.00 GB
Initial GC threshold: 20.80 MB
Current GC threshold: 20.80 MB
CDS: off

CodeHeap 'non-profiled nmethods': size=120032Kb used=612Kb max_used=612Kb free=119419Kb
 bounds [0x0000000111528000, 0x0000000111798000, 0x0000000118a60000]
CodeHeap 'profiled nmethods': size=120016Kb used=3376Kb max_used=3376Kb free=116639Kb
 bounds [0x0000000109ff4000, 0x000000010a344000, 0x0000000111528000]
CodeHeap 'non-nmethods': size=5712Kb used=1126Kb max_used=1311Kb free=4585Kb
 bounds [0x0000000109a60000, 0x0000000109cd0000, 0x0000000109ff4000]
 total_blobs=1965 nmethods=1547 adapters=335
 compilation: enabled
              stopped_count=0, restarted_count=0
 full_count=0

Compilation events (20 events):
Event: 1.505 Thread 0x0000000132834800 nmethod 1622 0x000000010a32cd90 code [0x000000010a32cf80, 0x000000010a32d240]
Event: 1.505 Thread 0x0000000132834800 1621       2       java.lang.StringUTF16::putChar (54 bytes)
Event: 1.505 Thread 0x0000000132834800 nmethod 1621 0x000000010a32d390 code [0x000000010a32d540, 0x000000010a32d710]
Event: 1.517 Thread 0x0000000132834800 1627 %     3       java.io.DataInputStream::readFully @ 15 (63 bytes)
Event: 1.518 Thread 0x0000000132834800 nmethod 1627% 0x000000010a32d810 code [0x000000010a32da40, 0x000000010a32e020]
Event: 1.520 Thread 0x0000000132834800 1628       3       java.io.DataInputStream::readFully (63 bytes)
Event: 1.520 Thread 0x0000000132834800 nmethod 1628 0x000000010a32e210 code [0x000000010a32e440, 0x000000010a32e9a0]
Event: 1.520 Thread 0x0000000132834800 1629       2       java.lang.StringUTF16::newBytesFor (61 bytes)
Event: 1.521 Thread 0x0000000132834800 nmethod 1629 0x000000010a32eb90 code [0x000000010a32ee00, 0x000000010a32f440]
Event: 1.583 Thread 0x0000000132834800 1646       2       javassist.bytecode.MethodParametersAttribute::<init> (8 bytes)
Event: 1.583 Thread 0x0000000132834800 nmethod 1646 0x000000010a32f710 code [0x000000010a32f8c0, 0x000000010a32fa80]
Event: 1.633 Thread 0x0000000132834800 1657       2       java.util.stream.StreamOpFlag::getMask (30 bytes)
Event: 1.634 Thread 0x0000000132834800 nmethod 1657 0x000000010a32fb90 code [0x000000010a32fd40, 0x000000010a32fed0]
Event: 1.634 Thread 0x0000000132834800 1658       2       java.util.stream.StreamOpFlag::combineOpFlags (9 bytes)
Event: 1.634 Thread 0x0000000132834800 nmethod 1658 0x000000010a32ff90 code [0x000000010a330140, 0x000000010a3302d0]
Event: 1.675 Thread 0x0000000132834800 1664       2       javassist.bytecode.BootstrapMethodsAttribute::<init> (8 bytes)
Event: 1.675 Thread 0x0000000132834800 nmethod 1664 0x000000010a330390 code [0x000000010a330540, 0x000000010a330700]
Event: 1.723 Thread 0x0000000132833800 nmethod 1509 0x00000001115adc90 code [0x00000001115af400, 0x00000001115bcb90]
Event: 1.723 Thread 0x0000000132834800 1672       2       java.util.regex.Pattern::sequence (645 bytes)
Event: 1.723 Thread 0x0000000132833800 1536       4       java.io.DataInputStream::readUTF (501 bytes)

GC Heap History (12 events):
Event: 0.623 GC heap before
{Heap before GC invocations=0 (full 0):
 garbage-first heap   total 262144K, used 11264K [0x0000000740000000, 0x00000007c0000000)
  region size 1024K, 12 young (12288K), 0 survivors (0K)
 Metaspace       used 6891K, capacity 6998K, committed 7168K, reserved 1056768K
  class space    used 611K, capacity 655K, committed 768K, reserved 1048576K
}
Event: 0.630 GC heap after
{Heap after GC invocations=1 (full 0):
 garbage-first heap   total 262144K, used 6993K [0x0000000740000000, 0x00000007c0000000)
  region size 1024K, 2 young (2048K), 2 survivors (2048K)
 Metaspace       used 6891K, capacity 6998K, committed 7168K, reserved 1056768K
  class space    used 611K, capacity 655K, committed 768K, reserved 1048576K
}
Event: 1.083 GC heap before
{Heap before GC invocations=1 (full 0):
 garbage-first heap   total 262144K, used 17233K [0x0000000740000000, 0x00000007c0000000)
  region size 1024K, 12 young (12288K), 2 survivors (2048K)
 Metaspace       used 13238K, capacity 13525K, committed 13824K, reserved 1060864K
  class space    used 1352K, capacity 1459K, committed 1536K, reserved 1048576K
}
Event: 1.086 GC heap after
{Heap after GC invocations=2 (full 0):
 garbage-first heap   total 262144K, used 8837K [0x0000000740000000, 0x00000007c0000000)
  region size 1024K, 2 young (2048K), 2 survivors (2048K)
 Metaspace       used 13238K, capacity 13525K, committed 13824K, reserved 1060864K
  class space    used 1352K, capacity 1459K, committed 1536K, reserved 1048576K
}
Event: 1.218 GC heap before
{Heap before GC invocations=2 (full 0):
 garbage-first heap   total 262144K, used 18053K [0x0000000740000000, 0x00000007c0000000)
  region size 1024K, 12 young (12288K), 2 survivors (2048K)
 Metaspace       used 14626K, capacity 14980K, committed 15104K, reserved 1062912K
  class space    used 1531K, capacity 1676K, committed 1792K, reserved 1048576K
}
Event: 1.220 GC heap after
{Heap after GC invocations=3 (full 0):
 garbage-first heap   total 262144K, used 9539K [0x0000000740000000, 0x00000007c0000000)
  region size 1024K, 1 young (1024K), 1 survivors (1024K)
 Metaspace       used 14626K, capacity 14980K, committed 15104K, reserved 1062912K
  class space    used 1531K, capacity 1676K, committed 1792K, reserved 1048576K
}
Event: 1.268 GC heap before
{Heap before GC invocations=3 (full 0):
 garbage-first heap   total 262144K, used 19779K [0x0000000740000000, 0x00000007c0000000)
  region size 1024K, 12 young (12288K), 1 survivors (1024K)
 Metaspace       used 14693K, capacity 15048K, committed 15360K, reserved 1062912K
  class space    used 1532K, capacity 1676K, committed 1792K, reserved 1048576K
}
Event: 1.268 GC heap after
{Heap after GC invocations=4 (full 0):
 garbage-first heap   total 262144K, used 9580K [0x0000000740000000, 0x00000007c0000000)
  region size 1024K, 1 young (1024K), 1 survivors (1024K)
 Metaspace       used 14693K, capacity 15048K, committed 15360K, reserved 1062912K
  class space    used 1532K, capacity 1676K, committed 1792K, reserved 1048576K
}
Event: 1.305 GC heap before
{Heap before GC invocations=4 (full 0):
 garbage-first heap   total 262144K, used 20844K [0x0000000740000000, 0x00000007c0000000)
  region size 1024K, 13 young (13312K), 1 survivors (1024K)
 Metaspace       used 14694K, capacity 15048K, committed 15360K, reserved 1062912K
  class space    used 1532K, capacity 1676K, committed 1792K, reserved 1048576K
}
Event: 1.306 GC heap after
{Heap after GC invocations=5 (full 0):
 garbage-first heap   total 262144K, used 9802K [0x0000000740000000, 0x00000007c0000000)
  region size 1024K, 1 young (1024K), 1 survivors (1024K)
 Metaspace       used 14694K, capacity 15048K, committed 15360K, reserved 1062912K
  class space    used 1532K, capacity 1676K, committed 1792K, reserved 1048576K
}
Event: 1.353 GC heap before
{Heap before GC invocations=5 (full 0):
 garbage-first heap   total 262144K, used 23114K [0x0000000740000000, 0x00000007c0000000)
  region size 1024K, 15 young (15360K), 1 survivors (1024K)
 Metaspace       used 14701K, capacity 15048K, committed 15360K, reserved 1062912K
  class space    used 1532K, capacity 1676K, committed 1792K, reserved 1048576K
}
Event: 1.354 GC heap after
{Heap after GC invocations=6 (full 0):
 garbage-first heap   total 262144K, used 9982K [0x0000000740000000, 0x00000007c0000000)
  region size 1024K, 2 young (2048K), 2 survivors (2048K)
 Metaspace       used 14701K, capacity 15048K, committed 15360K, reserved 1062912K
  class space    used 1532K, capacity 1676K, committed 1792K, reserved 1048576K
}

Deoptimization events (20 events):
Event: 1.500 Thread 0x0000000130db2000 Uncommon trap: trap_request=0xffffff4d fr.pc=0x00000001115a5bec relative=0x000000000000082c
Event: 1.500 Thread 0x0000000130db2000 Uncommon trap: reason=unstable_if action=reinterpret pc=0x00000001115a5bec method=java.io.BufferedInputStream.read1([BII)I @ 22 c2
Event: 1.500 Thread 0x0000000130db2000 DEOPT PACKING pc=0x00000001115a5bec sp=0x0000000172b79e50
Event: 1.500 Thread 0x0000000130db2000 DEOPT UNPACKING pc=0x0000000109a94d9c sp=0x0000000172b79cd0 mode 2
Event: 1.500 Thread 0x0000000130db2000 Uncommon trap: trap_request=0xffffff4d fr.pc=0x00000001115a955c relative=0x000000000000015c
Event: 1.500 Thread 0x0000000130db2000 Uncommon trap: reason=unstable_if action=reinterpret pc=0x00000001115a955c method=java.io.BufferedInputStream.read1([BII)I @ 22 c2
Event: 1.500 Thread 0x0000000130db2000 DEOPT PACKING pc=0x00000001115a955c sp=0x0000000172b79d00
Event: 1.500 Thread 0x0000000130db2000 DEOPT UNPACKING pc=0x0000000109a94d9c sp=0x0000000172b79ca0 mode 2
Event: 1.502 Thread 0x0000000130db2000 Uncommon trap: trap_request=0xffffff4d fr.pc=0x00000001115a725c relative=0x000000000000061c
Event: 1.502 Thread 0x0000000130db2000 Uncommon trap: reason=unstable_if action=reinterpret pc=0x00000001115a725c method=java.io.BufferedInputStream.read1([BII)I @ 22 c2
Event: 1.502 Thread 0x0000000130db2000 DEOPT PACKING pc=0x00000001115a725c sp=0x0000000172b79df0
Event: 1.502 Thread 0x0000000130db2000 DEOPT UNPACKING pc=0x0000000109a94d9c sp=0x0000000172b79ce0 mode 2
Event: 1.503 Thread 0x0000000130db2000 DEOPT PACKING pc=0x000000010a30c7ec sp=0x0000000172b79e50
Event: 1.503 Thread 0x0000000130db2000 DEOPT UNPACKING pc=0x0000000109a9527c sp=0x0000000172b79b90 mode 0
Event: 1.504 Thread 0x0000000130db2000 DEOPT PACKING pc=0x000000010a30c7ec sp=0x0000000172b79e50
Event: 1.504 Thread 0x0000000130db2000 DEOPT UNPACKING pc=0x0000000109a9527c sp=0x0000000172b79b90 mode 0
Event: 1.505 Thread 0x0000000130db2000 DEOPT PACKING pc=0x000000010a30c7ec sp=0x0000000172b79e50
Event: 1.505 Thread 0x0000000130db2000 DEOPT UNPACKING pc=0x0000000109a9527c sp=0x0000000172b79b90 mode 0
Event: 1.723 Thread 0x000000013248c000 Uncommon trap: trap_request=0x0000003d fr.pc=0x00000001115b88f0 relative=0x00000000000094f0
Event: 1.723 Thread 0x000000013248c000 Uncommon trap: reason=unloaded action=reinterpret pc=0x00000001115b88f0 method=javassist.bytecode.AttributeInfo.read(Ljavassist/bytecode/ConstPool;Ljava/io/DataInputStream;)Ljavassist/bytecode/AttributeInfo; @ 366 c2

Classes redefined (0 events):
No events

Internal exceptions (20 events):
Event: 1.029 Thread 0x000000013080f800 Exception <a 'java/lang/ClassNotFoundException'{0x000000074f968d78}: org/apache/log4j/PatternLayoutBeanInfo> (0x000000074f968d78) thrown at [src/hotspot/share/classfile/systemDictionary.cpp, line 231]
Event: 1.029 Thread 0x000000013080f800 Exception <a 'java/lang/ClassNotFoundException'{0x000000074f98b018}: org/apache/log4j/LayoutBeanInfo> (0x000000074f98b018) thrown at [src/hotspot/share/classfile/systemDictionary.cpp, line 231]
Event: 1.029 Thread 0x000000013080f800 Exception <a 'java/lang/ClassNotFoundException'{0x000000074f98bd58}: java/lang/ObjectBeanInfo> (0x000000074f98bd58) thrown at [src/hotspot/share/classfile/systemDictionary.cpp, line 231]
Event: 1.029 Thread 0x000000013080f800 Exception <a 'java/lang/ClassNotFoundException'{0x000000074f98e088}: java/lang/ObjectCustomizer> (0x000000074f98e088) thrown at [src/hotspot/share/classfile/systemDictionary.cpp, line 231]
Event: 1.034 Thread 0x000000013080f800 Exception <a 'java/lang/ClassNotFoundException'{0x000000074f9c06f8}: org/apache/log4j/LayoutCustomizer> (0x000000074f9c06f8) thrown at [src/hotspot/share/classfile/systemDictionary.cpp, line 231]
Event: 1.035 Thread 0x000000013080f800 Exception <a 'java/lang/ClassNotFoundException'{0x000000074f9f3fa0}: org/apache/log4j/PatternLayoutCustomizer> (0x000000074f9f3fa0) thrown at [src/hotspot/share/classfile/systemDictionary.cpp, line 231]
Event: 1.066 Thread 0x000000013080f800 Exception <a 'java/lang/ClassNotFoundException'{0x000000074f75b588}: org/apache/log4j/DailyRollingFileAppenderBeanInfo> (0x000000074f75b588) thrown at [src/hotspot/share/classfile/systemDictionary.cpp, line 231]
Event: 1.066 Thread 0x000000013080f800 Exception <a 'java/lang/ClassNotFoundException'{0x000000074f7800a0}: org/apache/log4j/FileAppenderBeanInfo> (0x000000074f7800a0) thrown at [src/hotspot/share/classfile/systemDictionary.cpp, line 231]
Event: 1.066 Thread 0x000000013080f800 Exception <a 'java/lang/ClassNotFoundException'{0x000000074f7a5800}: org/apache/log4j/WriterAppenderBeanInfo> (0x000000074f7a5800) thrown at [src/hotspot/share/classfile/systemDictionary.cpp, line 231]
Event: 1.067 Thread 0x000000013080f800 Exception <a 'java/lang/ClassNotFoundException'{0x000000074f7cafd8}: org/apache/log4j/AppenderSkeletonBeanInfo> (0x000000074f7cafd8) thrown at [src/hotspot/share/classfile/systemDictionary.cpp, line 231]
Event: 1.067 Thread 0x000000013080f800 Exception <a 'java/lang/ClassNotFoundException'{0x000000074f7f2b80}: org/apache/log4j/AppenderSkeletonCustomizer> (0x000000074f7f2b80) thrown at [src/hotspot/share/classfile/systemDictionary.cpp, line 231]
Event: 1.068 Thread 0x000000013080f800 Exception <a 'java/lang/ClassNotFoundException'{0x000000074f626630}: org/apache/log4j/WriterAppenderCustomizer> (0x000000074f626630) thrown at [src/hotspot/share/classfile/systemDictionary.cpp, line 231]
Event: 1.069 Thread 0x000000013080f800 Exception <a 'java/lang/ClassNotFoundException'{0x000000074f655ad0}: org/apache/log4j/FileAppenderCustomizer> (0x000000074f655ad0) thrown at [src/hotspot/share/classfile/systemDictionary.cpp, line 231]
Event: 1.070 Thread 0x000000013080f800 Exception <a 'java/lang/ClassNotFoundException'{0x000000074f6894b0}: org/apache/log4j/DailyRollingFileAppenderCustomizer> (0x000000074f6894b0) thrown at [src/hotspot/share/classfile/systemDictionary.cpp, line 231]
Event: 1.077 Thread 0x000000013080f800 Implicit null exception at 0x0000000111577980 to 0x0000000111577d78
Event: 1.093 Thread 0x000000013080f800 Exception <a 'java/lang/NoSuchMethodError'{0x000000074ff63a18}: 'java.lang.Object java.lang.invoke.DirectMethodHandle$Holder.invokeStatic(java.lang.Object, int)'> (0x000000074ff63a18) thrown at [src/hotspot/share/interpreter/linkResolver.cpp, line 773]
Event: 1.093 Thread 0x000000013080f800 Exception <a 'java/lang/NoSuchMethodError'{0x000000074ff675c0}: 'int java.lang.invoke.DirectMethodHandle$Holder.invokeStatic(java.lang.Object, java.lang.Object, int)'> (0x000000074ff675c0) thrown at [src/hotspot/share/interpreter/linkResolver.cpp, line 773]
Event: 1.094 Thread 0x000000013080f800 Exception <a 'java/lang/NoSuchMethodError'{0x000000074ff6fb58}: 'int java.lang.invoke.DirectMethodHandle$Holder.invokeStatic(java.lang.Object, int, int, int)'> (0x000000074ff6fb58) thrown at [src/hotspot/share/interpreter/linkResolver.cpp, line 773]
Event: 1.094 Thread 0x000000013080f800 Exception <a 'java/lang/NoSuchMethodError'{0x000000074ff77958}: 'int java.lang.invoke.DirectMethodHandle$Holder.invokeSpecialIFC(java.lang.Object, java.lang.Object, java.lang.Object, int)'> (0x000000074ff77958) thrown at [src/hotspot/share/interpreter/linkResolver.cpp, line 773]
Event: 1.157 Thread 0x000000013080f800 Exception <a 'java/lang/NoSuchMethodError'{0x000000074fefcb98}: 'int java.lang.invoke.DirectMethodHandle$Holder.invokeStaticInit(java.lang.Object, java.lang.Object)'> (0x000000074fefcb98) thrown at [src/hotspot/share/interpreter/linkResolver.cpp, line 773]

Events (20 events):
Event: 1.204 loading class javassist/bytecode/SignatureAttribute$TypeVariable
Event: 1.204 loading class javassist/bytecode/SignatureAttribute$TypeVariable done
Event: 1.205 Executing VM operation: RevokeBias
Event: 1.205 Executing VM operation: RevokeBias done
Event: 1.205 Executing VM operation: BulkRevokeBias
Event: 1.205 Executing VM operation: BulkRevokeBias done
Event: 1.218 Executing VM operation: G1CollectForAllocation
Event: 1.220 Executing VM operation: G1CollectForAllocation done
Event: 1.234 loading class java/io/RandomAccessFile$1
Event: 1.234 loading class java/io/RandomAccessFile$1 done
Event: 1.268 Executing VM operation: G1CollectForAllocation
Event: 1.268 Executing VM operation: G1CollectForAllocation done
Event: 1.305 Executing VM operation: G1CollectForAllocation
Event: 1.305 Executing VM operation: G1CollectForAllocation done
Event: 1.305 Executing VM operation: G1CollectForAllocation
Event: 1.306 Executing VM operation: G1CollectForAllocation done
Event: 1.353 Executing VM operation: G1CollectForAllocation
Event: 1.354 Executing VM operation: G1CollectForAllocation done
Event: 1.500 Executing VM operation: RevokeBias
Event: 1.500 Executing VM operation: RevokeBias done


Dynamic libraries:
0x0000000100888000 	/opt/homebrew/Cellar/openjdk@11/11.0.12/libexec/openjdk.jdk/Contents/Home/lib/jli/libjli.dylib
0x00000001b865e000 	/System/Library/Frameworks/Cocoa.framework/Versions/A/Cocoa
0x00000001a4878000 	/System/Library/Frameworks/AppKit.framework/Versions/C/AppKit
0x00000001a7d8b000 	/System/Library/Frameworks/CoreData.framework/Versions/A/CoreData
0x00000001a2bd3000 	/System/Library/Frameworks/Foundation.framework/Versions/C/Foundation
0x00000001ac7e5000 	/usr/lib/libSystem.B.dylib
0x00000001a5730000 	/System/Library/PrivateFrameworks/UIFoundation.framework/Versions/A/UIFoundation
0x00000001b2832000 	/System/Library/PrivateFrameworks/RemoteViewServices.framework/Versions/A/RemoteViewServices
0x00000001aaca5000 	/System/Library/PrivateFrameworks/XCTTargetBootstrap.framework/Versions/A/XCTTargetBootstrap
0x00000001ae525000 	/System/Library/PrivateFrameworks/InternationalSupport.framework/Versions/A/InternationalSupport
0x00000001ae5ae000 	/System/Library/PrivateFrameworks/UserActivity.framework/Versions/A/UserActivity
0x00000001ada1c000 	/usr/lib/libspindump.dylib
0x00000001a59a1000 	/System/Library/Frameworks/UniformTypeIdentifiers.framework/Versions/A/UniformTypeIdentifiers
0x00000001a91ef000 	/usr/lib/libapp_launch_measurement.dylib
0x00000001a8716000 	/System/Library/PrivateFrameworks/CoreAnalytics.framework/Versions/A/CoreAnalytics
0x00000001a91f2000 	/System/Library/PrivateFrameworks/CoreAutoLayout.framework/Versions/A/CoreAutoLayout
0x00000001aa596000 	/System/Library/Frameworks/Metal.framework/Versions/A/Metal
0x00000001ab30d000 	/usr/lib/liblangid.dylib
0x00000001aacaa000 	/System/Library/PrivateFrameworks/CoreSVG.framework/Versions/A/CoreSVG
0x00000001a6e38000 	/System/Library/PrivateFrameworks/SkyLight.framework/Versions/A/SkyLight
0x00000001a7211000 	/System/Library/Frameworks/CoreGraphics.framework/Versions/A/CoreGraphics
0x00000001b2efe000 	/System/Library/Frameworks/Accelerate.framework/Versions/A/Accelerate
0x00000001ad493000 	/System/Library/PrivateFrameworks/IconServices.framework/Versions/A/IconServices
0x00000001aa578000 	/System/Library/Frameworks/IOSurface.framework/Versions/A/IOSurface
0x00000001a8747000 	/usr/lib/libDiagnosticMessagesClient.dylib
0x00000001ac72e000 	/usr/lib/libz.1.dylib
0x00000001b63ff000 	/System/Library/Frameworks/ApplicationServices.framework/Versions/A/ApplicationServices
0x00000001aac8d000 	/System/Library/PrivateFrameworks/DFRFoundation.framework/Versions/A/DFRFoundation
0x00000001a4108000 	/usr/lib/libicucore.A.dylib
0x00000001af3d2000 	/System/Library/Frameworks/AudioToolbox.framework/Versions/A/AudioToolbox
0x00000001ae531000 	/System/Library/PrivateFrameworks/DataDetectorsCore.framework/Versions/A/DataDetectorsCore
0x00000001c4f2b000 	/System/Library/PrivateFrameworks/TextInput.framework/Versions/A/TextInput
0x00000001a6dad000 	/usr/lib/libMobileGestalt.dylib
0x00000001aa959000 	/System/Library/Frameworks/Carbon.framework/Versions/A/Frameworks/HIToolbox.framework/Versions/A/HIToolbox
0x00000001a8bc7000 	/System/Library/Frameworks/QuartzCore.framework/Versions/A/QuartzCore
0x00000001a3d89000 	/System/Library/Frameworks/Security.framework/Versions/A/Security
0x00000001b2872000 	/System/Library/Frameworks/Carbon.framework/Versions/A/Frameworks/SpeechRecognition.framework/Versions/A/SpeechRecognition
0x00000001a8f45000 	/System/Library/PrivateFrameworks/CoreUI.framework/Versions/A/CoreUI
0x00000001a3665000 	/System/Library/Frameworks/CoreAudio.framework/Versions/A/CoreAudio
0x00000001a883b000 	/System/Library/Frameworks/DiskArbitration.framework/Versions/A/DiskArbitration
0x00000001ade26000 	/System/Library/PrivateFrameworks/MultitouchSupport.framework/Versions/A/MultitouchSupport
0x00000001a6dab000 	/usr/lib/libenergytrace.dylib
0x00000001a4740000 	/System/Library/Frameworks/IOKit.framework/Versions/A/IOKit
0x00000001b2c61000 	/System/Library/Frameworks/CoreServices.framework/Versions/A/CoreServices
0x00000001a917f000 	/System/Library/PrivateFrameworks/PerformanceAnalysis.framework/Versions/A/PerformanceAnalysis
0x0000000203363000 	/System/Library/Frameworks/OpenGL.framework/Versions/A/OpenGL
0x00000001abd80000 	/System/Library/PrivateFrameworks/MobileKeyBag.framework/Versions/A/MobileKeyBag
0x00000001a1b07000 	/usr/lib/libobjc.A.dylib
0x00000001a781f000 	/System/Library/Frameworks/ColorSync.framework/Versions/A/ColorSync
0x00000001a1cd0000 	/System/Library/Frameworks/CoreFoundation.framework/Versions/A/CoreFoundation
0x00000001aaf29000 	/System/Library/Frameworks/CoreImage.framework/Versions/A/CoreImage
0x00000001a3489000 	/System/Library/Frameworks/CoreText.framework/Versions/A/CoreText
0x00000001aacda000 	/System/Library/Frameworks/ImageIO.framework/Versions/A/ImageIO
0x00000001ac7eb000 	/System/Library/PrivateFrameworks/SoftLinking.framework/Versions/A/SoftLinking
0x00000001a923d000 	/usr/lib/libxml2.2.dylib
0x00000001a1bca000 	/usr/lib/libc++.1.dylib
0x00000001aca84000 	/usr/lib/libcompression.dylib
0x00000001ae481000 	/System/Library/PrivateFrameworks/TextureIO.framework/Versions/A/TextureIO
0x00000001ad1ac000 	/usr/lib/libate.dylib
0x00000001ac7df000 	/usr/lib/system/libcache.dylib
0x00000001ac79d000 	/usr/lib/system/libcommonCrypto.dylib
0x00000001ac7c6000 	/usr/lib/system/libcompiler_rt.dylib
0x00000001ac7bd000 	/usr/lib/system/libcopyfile.dylib
0x00000001a1a0b000 	/usr/lib/system/libcorecrypto.dylib
0x00000001a1ac0000 	/usr/lib/system/libdispatch.dylib
0x00000001a1c8e000 	/usr/lib/system/libdyld.dylib
0x00000001ac7d5000 	/usr/lib/system/libkeymgr.dylib
0x00000001ac778000 	/usr/lib/system/libmacho.dylib
0x00000001abe68000 	/usr/lib/system/libquarantine.dylib
0x00000001ac7d2000 	/usr/lib/system/libremovefile.dylib
0x00000001a6e04000 	/usr/lib/system/libsystem_asl.dylib
0x00000001a19ad000 	/usr/lib/system/libsystem_blocks.dylib
0x00000001a1b48000 	/usr/lib/system/libsystem_c.dylib
0x00000001ac7ca000 	/usr/lib/system/libsystem_collections.dylib
0x00000001ab2fd000 	/usr/lib/system/libsystem_configuration.dylib
0x00000001aa559000 	/usr/lib/system/libsystem_containermanager.dylib
0x00000001ac4d5000 	/usr/lib/system/libsystem_coreservices.dylib
0x00000001a43be000 	/usr/lib/system/libsystem_darwin.dylib
0x00000001ac7d6000 	/usr/lib/system/libsystem_dnssd.dylib
0x00000001a1b45000 	/usr/lib/system/libsystem_featureflags.dylib
0x00000001a1ca3000 	/usr/lib/system/libsystem_info.dylib
0x00000001ac740000 	/usr/lib/system/libsystem_m.dylib
0x00000001a1a95000 	/usr/lib/system/libsystem_malloc.dylib
0x00000001a6d92000 	/usr/lib/system/libsystem_networkextension.dylib
0x00000001a4817000 	/usr/lib/system/libsystem_notify.dylib
0x00000001b2b38000 	/usr/lib/system/libsystem_product_info_filter.dylib
0x00000001ab302000 	/usr/lib/system/libsystem_sandbox.dylib
0x00000001ac7cf000 	/usr/lib/system/libsystem_secinit.dylib
0x00000001a1c49000 	/usr/lib/system/libsystem_kernel.dylib
0x00000001a1c9b000 	/usr/lib/system/libsystem_platform.dylib
0x00000001a1c81000 	/usr/lib/system/libsystem_pthread.dylib
0x00000001a8564000 	/usr/lib/system/libsystem_symptoms.dylib
0x00000001a19f1000 	/usr/lib/system/libsystem_trace.dylib
0x00000001ac7aa000 	/usr/lib/system/libunwind.dylib
0x00000001a19af000 	/usr/lib/system/libxpc.dylib
0x00000001a1c31000 	/usr/lib/libc++abi.dylib
0x00000001ac7b5000 	/usr/lib/liboah.dylib
0x00000001ad071000 	/usr/lib/liblzma.5.dylib
0x00000001a28c6000 	/System/Library/Frameworks/SystemConfiguration.framework/Versions/A/SystemConfiguration
0x00000001ac7e7000 	/usr/lib/libfakelink.dylib
0x00000001a68dd000 	/System/Library/Frameworks/CFNetwork.framework/Versions/A/CFNetwork
0x00000001ac92d000 	/usr/lib/libarchive.2.dylib
0x00000001ab309000 	/System/Library/PrivateFrameworks/AppleSystemInfo.framework/Versions/A/AppleSystemInfo
0x00000001abe93000 	/usr/lib/libbsm.0.dylib
0x00000001a5e4a000 	/usr/lib/libnetwork.dylib
0x00000001ac781000 	/usr/lib/system/libkxld.dylib
0x00000001abaad000 	/System/Library/PrivateFrameworks/IOMobileFramebuffer.framework/Versions/A/IOMobileFramebuffer
0x000000022102c000 	/usr/lib/libCoreEntitlements.dylib
0x00000001ac4b7000 	/System/Library/PrivateFrameworks/AppleFSCompression.framework/Versions/A/AppleFSCompression
0x00000001abe7b000 	/usr/lib/libcoretls.dylib
0x00000001ad08a000 	/usr/lib/libcoretls_cfhelpers.dylib
0x00000001aca7f000 	/usr/lib/libpam.2.dylib
0x00000001a817b000 	/usr/lib/libsqlite3.dylib
0x00000001ad0f3000 	/usr/lib/libxar.1.dylib
0x00000001ac4c8000 	/usr/lib/libbz2.1.0.dylib
0x00000001ac7ec000 	/usr/lib/libpcap.A.dylib
0x00000001a855b000 	/usr/lib/libdns_services.dylib
0x00000001aca52000 	/usr/lib/libapple_nghttp2.dylib
0x00000001ac829000 	/usr/lib/libiconv.2.dylib
0x00000001ac777000 	/usr/lib/libcharset.1.dylib
0x00000001a91bb000 	/System/Library/Frameworks/CoreServices.framework/Versions/A/Frameworks/FSEvents.framework/Versions/A/FSEvents
0x00000001a43c9000 	/System/Library/Frameworks/CoreServices.framework/Versions/A/Frameworks/CarbonCore.framework/Versions/A/CarbonCore
0x00000001a879b000 	/System/Library/Frameworks/CoreServices.framework/Versions/A/Frameworks/Metadata.framework/Versions/A/Metadata
0x00000001ac4db000 	/System/Library/Frameworks/CoreServices.framework/Versions/A/Frameworks/OSServices.framework/Versions/A/OSServices
0x00000001ac9b3000 	/System/Library/Frameworks/CoreServices.framework/Versions/A/Frameworks/SearchKit.framework/Versions/A/SearchKit
0x00000001a84ea000 	/System/Library/Frameworks/CoreServices.framework/Versions/A/Frameworks/AE.framework/Versions/A/AE
0x00000001a2217000 	/System/Library/Frameworks/CoreServices.framework/Versions/A/Frameworks/LaunchServices.framework/Versions/A/LaunchServices
0x00000001ad01a000 	/System/Library/Frameworks/CoreServices.framework/Versions/A/Frameworks/DictionaryServices.framework/Versions/A/DictionaryServices
0x00000001a91c8000 	/System/Library/Frameworks/CoreServices.framework/Versions/A/Frameworks/SharedFileList.framework/Versions/A/SharedFileList
0x00000001abe6b000 	/usr/lib/libCheckFix.dylib
0x00000001a6e1c000 	/System/Library/PrivateFrameworks/TCC.framework/Versions/A/TCC
0x00000001ab30f000 	/System/Library/PrivateFrameworks/CoreNLP.framework/Versions/A/CoreNLP
0x00000001a874a000 	/System/Library/PrivateFrameworks/MetadataUtilities.framework/Versions/A/MetadataUtilities
0x00000001a2980000 	/usr/lib/libmecabra.dylib
0x00000001abea4000 	/usr/lib/libmecab.dylib
0x00000001a294c000 	/usr/lib/libCRFSuite.dylib
0x00000001abf01000 	/usr/lib/libgermantok.dylib
0x00000001aca2b000 	/usr/lib/libThaiTokenizer.dylib
0x00000001a8843000 	/System/Library/Frameworks/Accelerate.framework/Versions/A/Frameworks/vImage.framework/Versions/A/vImage
0x00000001b2c38000 	/System/Library/Frameworks/Accelerate.framework/Versions/A/Frameworks/vecLib.framework/Versions/A/vecLib
0x00000001ad138000 	/System/Library/Frameworks/Accelerate.framework/Versions/A/Frameworks/vecLib.framework/Versions/A/libvMisc.dylib
0x00000001ab9b4000 	/System/Library/Frameworks/Accelerate.framework/Versions/A/Frameworks/vecLib.framework/Versions/A/libvDSP.dylib
0x00000001a25a1000 	/System/Library/Frameworks/Accelerate.framework/Versions/A/Frameworks/vecLib.framework/Versions/A/libBLAS.dylib
0x00000001acb55000 	/System/Library/Frameworks/Accelerate.framework/Versions/A/Frameworks/vecLib.framework/Versions/A/libLAPACK.dylib
0x00000001abf04000 	/System/Library/Frameworks/Accelerate.framework/Versions/A/Frameworks/vecLib.framework/Versions/A/libLinearAlgebra.dylib
0x00000001aca6a000 	/System/Library/Frameworks/Accelerate.framework/Versions/A/Frameworks/vecLib.framework/Versions/A/libSparseBLAS.dylib
0x00000001acb50000 	/System/Library/Frameworks/Accelerate.framework/Versions/A/Frameworks/vecLib.framework/Versions/A/libQuadrature.dylib
0x00000001ab408000 	/System/Library/Frameworks/Accelerate.framework/Versions/A/Frameworks/vecLib.framework/Versions/A/libBNNS.dylib
0x00000001a285f000 	/System/Library/Frameworks/Accelerate.framework/Versions/A/Frameworks/vecLib.framework/Versions/A/libSparse.dylib
0x00000001ab400000 	/System/Library/PrivateFrameworks/LinguisticData.framework/Versions/A/LinguisticData
0x00000001a2817000 	/System/Library/PrivateFrameworks/Lexicon.framework/Versions/A/Lexicon
0x00000001ad130000 	/usr/lib/libChineseTokenizer.dylib
0x00000001a2fc5000 	/System/Library/PrivateFrameworks/LanguageModeling.framework/Versions/A/LanguageModeling
0x00000001aca2d000 	/System/Library/PrivateFrameworks/AppleSauce.framework/Versions/A/AppleSauce
0x00000001aba9a000 	/System/Library/PrivateFrameworks/CoreEmoji.framework/Versions/A/CoreEmoji
0x00000001ac91b000 	/usr/lib/libcmph.dylib
0x00000001a919b000 	/System/Library/Frameworks/OpenDirectory.framework/Versions/A/Frameworks/CFOpenDirectory.framework/Versions/A/CFOpenDirectory
0x00000001a918b000 	/System/Library/Frameworks/OpenDirectory.framework/Versions/A/OpenDirectory
0x00000001ad08c000 	/System/Library/PrivateFrameworks/APFS.framework/Versions/A/APFS
0x00000001abdbb000 	/System/Library/Frameworks/SecurityFoundation.framework/Versions/A/SecurityFoundation
0x00000001ad102000 	/usr/lib/libutil.dylib
0x00000001a4702000 	/System/Library/PrivateFrameworks/CoreServicesStore.framework/Versions/A/CoreServicesStore
0x00000001ad106000 	/usr/lib/libxslt.1.dylib
0x00000001abe4f000 	/System/Library/PrivateFrameworks/BackgroundTaskManagement.framework/Versions/A/BackgroundTaskManagement
0x00000001ae3a2000 	/System/Library/Frameworks/ImageIO.framework/Versions/A/Resources/libRadiance.dylib
0x00000001ae3ab000 	/System/Library/Frameworks/ImageIO.framework/Versions/A/Resources/libJPEG.dylib
0x00000001ae2fe000 	/System/Library/Frameworks/ImageIO.framework/Versions/A/Resources/libPng.dylib
0x00000001ae320000 	/System/Library/Frameworks/ImageIO.framework/Versions/A/Resources/libTIFF.dylib
0x00000001ae406000 	/System/Library/Frameworks/ImageIO.framework/Versions/A/Resources/libGIF.dylib
0x00000001add36000 	/System/Library/Frameworks/ImageIO.framework/Versions/A/Resources/libJP2.dylib
0x00000001ad458000 	/usr/lib/libexpat.1.dylib
0x00000001adcf1000 	/System/Library/PrivateFrameworks/AppleJPEG.framework/Versions/A/AppleJPEG
0x00000001aa815000 	/System/Library/PrivateFrameworks/FontServices.framework/libFontParser.dylib
0x00000001a848f000 	/System/Library/PrivateFrameworks/RunningBoardServices.framework/Versions/A/RunningBoardServices
0x00000001b8d34000 	/System/Library/PrivateFrameworks/IOSurfaceAccelerator.framework/Versions/A/IOSurfaceAccelerator
0x00000001ade22000 	/System/Library/PrivateFrameworks/WatchdogClient.framework/Versions/A/WatchdogClient
0x00000001a30c5000 	/System/Library/Frameworks/CoreDisplay.framework/Versions/A/CoreDisplay
0x00000001aa6ff000 	/System/Library/Frameworks/CoreMedia.framework/Versions/A/CoreMedia
0x00000001aa58c000 	/System/Library/PrivateFrameworks/IOAccelerator.framework/Versions/A/IOAccelerator
0x00000001a932b000 	/System/Library/Frameworks/CoreVideo.framework/Versions/A/CoreVideo
0x00000001aca7d000 	/System/Library/Frameworks/MetalPerformanceShaders.framework/Versions/A/MetalPerformanceShaders
0x00000001ade61000 	/System/Library/Frameworks/VideoToolbox.framework/Versions/A/VideoToolbox
0x00000001a83d3000 	/System/Library/PrivateFrameworks/BaseBoard.framework/Versions/A/BaseBoard
0x00000001a8161000 	/System/Library/PrivateFrameworks/ProtocolBuffer.framework/Versions/A/ProtocolBuffer
0x00000001ae39d000 	/System/Library/PrivateFrameworks/GPUWrangler.framework/Versions/A/GPUWrangler
0x00000001ae37d000 	/System/Library/PrivateFrameworks/IOPresentment.framework/Versions/A/IOPresentment
0x00000001ae3a5000 	/System/Library/PrivateFrameworks/DSExternalDisplay.framework/Versions/A/DSExternalDisplay
0x0000000203356000 	/System/Library/Frameworks/OpenGL.framework/Versions/A/Libraries/libCoreFSCache.dylib
0x000000020db1c000 	/System/Library/PrivateFrameworks/GPUCompiler.framework/Versions/31001/Libraries/libGPUCompilerUtils.dylib
0x00000001ae40b000 	/System/Library/PrivateFrameworks/CMCaptureCore.framework/Versions/A/CMCaptureCore
0x00000001ada09000 	/System/Library/PrivateFrameworks/AppServerSupport.framework/Versions/A/AppServerSupport
0x00000001afc8f000 	/System/Library/PrivateFrameworks/perfdata.framework/Versions/A/perfdata
0x00000001a31e5000 	/System/Library/PrivateFrameworks/AudioToolboxCore.framework/Versions/A/AudioToolboxCore
0x00000001aa6d8000 	/System/Library/PrivateFrameworks/caulk.framework/Versions/A/caulk
0x00000001af584000 	/usr/lib/libAudioStatistics.dylib
0x00000001c1583000 	/System/Library/PrivateFrameworks/SystemPolicy.framework/Versions/A/SystemPolicy
0x00000001af7f0000 	/usr/lib/libSMC.dylib
0x00000001b853c000 	/System/Library/Frameworks/CoreMIDI.framework/Versions/A/CoreMIDI
0x00000001ae2cc000 	/usr/lib/libAudioToolboxUtility.dylib
0x00000001bd6f3000 	/System/Library/PrivateFrameworks/OSAServicesClient.framework/Versions/A/OSAServicesClient
0x00000001afc9c000 	/usr/lib/libperfcheck.dylib
0x00000001c209f000 	/usr/lib/libmis.dylib
0x00000002033b8000 	/System/Library/Frameworks/OpenGL.framework/Versions/A/Libraries/libGLU.dylib
0x0000000203377000 	/System/Library/Frameworks/OpenGL.framework/Versions/A/Libraries/libGFXShared.dylib
0x0000000203564000 	/System/Library/Frameworks/OpenGL.framework/Versions/A/Libraries/libGL.dylib
0x0000000203380000 	/System/Library/Frameworks/OpenGL.framework/Versions/A/Libraries/libGLImage.dylib
0x0000000203374000 	/System/Library/Frameworks/OpenGL.framework/Versions/A/Libraries/libCVMSPluginSupport.dylib
0x000000020335d000 	/System/Library/Frameworks/OpenGL.framework/Versions/A/Libraries/libCoreVMClient.dylib
0x00000001ab289000 	/System/Library/Frameworks/MetalPerformanceShaders.framework/Versions/A/Frameworks/MPSCore.framework/Versions/A/MPSCore
0x00000001ac42a000 	/System/Library/Frameworks/MetalPerformanceShaders.framework/Versions/A/Frameworks/MPSImage.framework/Versions/A/MPSImage
0x00000001abf19000 	/System/Library/Frameworks/MetalPerformanceShaders.framework/Versions/A/Frameworks/MPSNeuralNetwork.framework/Versions/A/MPSNeuralNetwork
0x00000001ac352000 	/System/Library/Frameworks/MetalPerformanceShaders.framework/Versions/A/Frameworks/MPSMatrix.framework/Versions/A/MPSMatrix
0x00000001ac12b000 	/System/Library/Frameworks/MetalPerformanceShaders.framework/Versions/A/Frameworks/MPSRayIntersector.framework/Versions/A/MPSRayIntersector
0x00000001ac383000 	/System/Library/Frameworks/MetalPerformanceShaders.framework/Versions/A/Frameworks/MPSNDArray.framework/Versions/A/MPSNDArray
0x000000020577f000 	/System/Library/Frameworks/MetalPerformanceShaders.framework/Versions/A/Frameworks/MPSFunctions.framework/Versions/A/MPSFunctions
0x00000001a2478000 	/System/Library/PrivateFrameworks/MetalTools.framework/Versions/A/MetalTools
0x00000001ab307000 	/System/Library/PrivateFrameworks/AggregateDictionary.framework/Versions/A/AggregateDictionary
0x00000001ad23d000 	/usr/lib/libIOReport.dylib
0x00000001b7559000 	/System/Library/PrivateFrameworks/ASEProcessing.framework/Versions/A/ASEProcessing
0x00000001ad5b2000 	/System/Library/PrivateFrameworks/FaceCore.framework/Versions/A/FaceCore
0x00000001ad5a4000 	/System/Library/PrivateFrameworks/GraphVisualizer.framework/Versions/A/GraphVisualizer
0x000000020da33000 	/System/Library/PrivateFrameworks/FontServices.framework/Versions/A/FontServices
0x00000001ad9c5000 	/System/Library/PrivateFrameworks/OTSVG.framework/Versions/A/OTSVG
0x00000001a8ef5000 	/System/Library/Frameworks/ApplicationServices.framework/Versions/A/Frameworks/ATS.framework/Versions/A/Resources/libFontRegistry.dylib
0x00000001ada12000 	/System/Library/PrivateFrameworks/FontServices.framework/libhvf.dylib
0x000000020da34000 	/System/Library/PrivateFrameworks/FontServices.framework/libXTFontStaticRegistryData.dylib
0x0000000203705000 	/System/Library/Frameworks/OpenCL.framework/Versions/A/OpenCL
0x00000001ad40c000 	/System/Library/PrivateFrameworks/AppleVA.framework/Versions/A/AppleVA
0x00000001af5ac000 	/System/Library/Frameworks/ApplicationServices.framework/Versions/A/Frameworks/ATS.framework/Versions/A/ATS
0x00000001a791e000 	/System/Library/Frameworks/ApplicationServices.framework/Versions/A/Frameworks/HIServices.framework/Versions/A/HIServices
0x00000001ae415000 	/System/Library/Frameworks/ApplicationServices.framework/Versions/A/Frameworks/PrintCore.framework/Versions/A/PrintCore
0x00000001af943000 	/System/Library/Frameworks/ApplicationServices.framework/Versions/A/Frameworks/QD.framework/Versions/A/QD
0x00000001af93b000 	/System/Library/Frameworks/ApplicationServices.framework/Versions/A/Frameworks/ColorSyncLegacy.framework/Versions/A/ColorSyncLegacy
0x00000001af598000 	/System/Library/Frameworks/ApplicationServices.framework/Versions/A/Frameworks/SpeechSynthesis.framework/Versions/A/SpeechSynthesis
0x00000001ae3d6000 	/System/Library/Frameworks/ApplicationServices.framework/Versions/A/Frameworks/ATSUI.framework/Versions/A/ATSUI
0x00000001af8d0000 	/usr/lib/libcups.2.dylib
0x00000001afcaa000 	/System/Library/Frameworks/Kerberos.framework/Versions/A/Kerberos
0x00000001afcbb000 	/System/Library/Frameworks/GSS.framework/Versions/A/GSS
0x00000001af61c000 	/usr/lib/libresolv.9.dylib
0x00000001ada21000 	/System/Library/PrivateFrameworks/Heimdal.framework/Versions/A/Heimdal
0x00000001b678f000 	/System/Library/Frameworks/Kerberos.framework/Versions/A/Libraries/libHeimdalProxy.dylib
0x00000001a856d000 	/System/Library/Frameworks/Network.framework/Versions/A/Network
0x00000001ad473000 	/usr/lib/libheimdal-asn1.dylib
0x00000001afd0b000 	/System/Library/PrivateFrameworks/CommonAuth.framework/Versions/A/CommonAuth
0x00000001af512000 	/System/Library/PrivateFrameworks/AudioSession.framework/Versions/A/AudioSession
0x00000001ad505000 	/System/Library/PrivateFrameworks/MediaExperience.framework/Versions/A/MediaExperience
0x00000001af398000 	/System/Library/PrivateFrameworks/AudioSession.framework/libSessionUtility.dylib
0x00000001af94f000 	/System/Library/PrivateFrameworks/AudioResourceArbitration.framework/Versions/A/AudioResourceArbitration
0x00000001b3b15000 	/System/Library/PrivateFrameworks/PowerLog.framework/Versions/A/PowerLog
0x00000001ad47d000 	/System/Library/PrivateFrameworks/IconFoundation.framework/Versions/A/IconFoundation
0x00000001b285e000 	/System/Library/PrivateFrameworks/SpeechRecognitionCore.framework/Versions/A/SpeechRecognitionCore
0x00000001015cc000 	/opt/homebrew/Cellar/openjdk@11/11.0.12/libexec/openjdk.jdk/Contents/Home/lib/server/libjvm.dylib
0x00000001008f0000 	/opt/homebrew/Cellar/openjdk@11/11.0.12/libexec/openjdk.jdk/Contents/Home/lib/libverify.dylib
0x0000000100940000 	/opt/homebrew/Cellar/openjdk@11/11.0.12/libexec/openjdk.jdk/Contents/Home/lib/libjava.dylib
0x0000000100908000 	/opt/homebrew/Cellar/openjdk@11/11.0.12/libexec/openjdk.jdk/Contents/Home/lib/libjimage.dylib
0x00000001009b8000 	/opt/homebrew/Cellar/openjdk@11/11.0.12/libexec/openjdk.jdk/Contents/Home/lib/libzip.dylib
0x0000000101500000 	/opt/homebrew/Cellar/openjdk@11/11.0.12/libexec/openjdk.jdk/Contents/Home/lib/libnio.dylib
0x0000000101544000 	/opt/homebrew/Cellar/openjdk@11/11.0.12/libexec/openjdk.jdk/Contents/Home/lib/libnet.dylib
0x00000001014e0000 	/opt/homebrew/Cellar/openjdk@11/11.0.12/libexec/openjdk.jdk/Contents/Home/lib/libmanagement.dylib
0x0000000101520000 	/opt/homebrew/Cellar/openjdk@11/11.0.12/libexec/openjdk.jdk/Contents/Home/lib/libmanagement_ext.dylib
0x0000000101568000 	/opt/homebrew/Cellar/openjdk@11/11.0.12/libexec/openjdk.jdk/Contents/Home/lib/libextnet.dylib


VM Arguments:
jvm_args: -Xms256M -Xmx2G -XX:+UseG1GC -XX:MaxGCPauseMillis=20 -XX:InitiatingHeapOccupancyPercent=35 -XX:+ExplicitGCInvokesConcurrent -XX:MaxInlineLevel=15 -Djava.awt.headless=true -Dcom.sun.management.jmxremote -Dcom.sun.management.jmxremote.authenticate=false -Dcom.sun.management.jmxremote.ssl=false -Dkafka.logs.dir=/Users/willianbarbosa/Documents/kafka-3.1.0-src/bin/../logs -Dlog4j.configuration=file:/Users/willianbarbosa/Documents/kafka-3.1.0-src/bin/../config/connect-log4j.properties 
java_command: org.apache.kafka.connect.cli.ConnectStandalone config/src/connect-standalone.properties config/src/quickstart-elasticsearch.properties
java_class_path (initial): /Users/willianbarbosa/Documents/kafka-3.1.0-src/bin/../core/build/dependant-libs-2.13.6/jopt-simple-5.0.4.jar:/Users/willianbarbosa/Documents/kafka-3.1.0-src/bin/../core/build/dependant-libs-2.13.6/jackson-dataformat-csv-2.12.3.jar:/Users/willianbarbosa/Documents/kafka-3.1.0-src/bin/../core/build/dependant-libs-2.13.6/snappy-java-1.1.8.4.jar:/Users/willianbarbosa/Documents/kafka-3.1.0-src/bin/../core/build/dependant-libs-2.13.6/slf4j-log4j12-1.7.30.jar:/Users/willianbarbosa/Documents/kafka-3.1.0-src/bin/../core/build/dependant-libs-2.13.6/netty-common-4.1.68.Final.jar:/Users/willianbarbosa/Documents/kafka-3.1.0-src/bin/../core/build/dependant-libs-2.13.6/kafka-storage-3.1.0.jar:/Users/willianbarbosa/Documents/kafka-3.1.0-src/bin/../core/build/dependant-libs-2.13.6/kafka-raft-3.1.0.jar:/Users/willianbarbosa/Documents/kafka-3.1.0-src/bin/../core/build/dependant-libs-2.13.6/lz4-java-1.8.0.jar:/Users/willianbarbosa/Documents/kafka-3.1.0-src/bin/../core/build/dependant-libs-2.13.6/argparse4j-0.7.0.jar:/Users/willianbarbosa/Documents/kafka-3.1.0-src/bin/../core/build/dependant-libs-2.13.6/jackson-core-2.12.3.jar:/Users/willianbarbosa/Documents/kafka-3.1.0-src/bin/../core/build/dependant-libs-2.13.6/netty-transport-4.1.68.Final.jar:/Users/willianbarbosa/Documents/kafka-3.1.0-src/bin/../core/build/dependant-libs-2.13.6/slf4j-api-1.7.30.jar:/Users/willianbarbosa/Documents/kafka-3.1.0-src/bin/../core/build/dependant-libs-2.13.6/scala-logging_2.13-3.9.3.jar:/Users/willianbarbosa/Documents/kafka-3.1.0-src/bin/../core/build/dependant-libs-2.13.6/netty-codec-4.1.68.Final.jar:/Users/willianbarbosa/Documents/kafka-3.1.0-src/bin/../core/build/dependant-libs-2.13.6/scala-collection-compat_2.13-2.4.4.jar:/Users/willianbarbosa/Documents/kafka-3.1.0-src/bin/../core/build/dependant-libs-2.13.6/zstd-jni-1.5.0-4.jar:/Users/willianbarbosa/Documents/kafka-3.1.0-src/bin/../core/build/dependant-libs-2.13.6/jackson-module-scala_2.13-2.12.3.jar:/Users/willianbarbosa/
Launcher Type: SUN_STANDARD

[Global flags]
     intx CICompilerCount                          = 4                                         {product} {ergonomic}
     uint ConcGCThreads                            = 2                                         {product} {ergonomic}
     bool ExplicitGCInvokesConcurrent              = true                                      {product} {command line}
     uint G1ConcRefinementThreads                  = 8                                         {product} {ergonomic}
   size_t G1HeapRegionSize                         = 1048576                                   {product} {ergonomic}
    uintx GCDrainStackTargetSize                   = 64                                        {product} {ergonomic}
   size_t InitialHeapSize                          = 268435456                                 {product} {command line}
    uintx InitiatingHeapOccupancyPercent           = 35                                        {product} {command line}
     bool ManagementServer                         = true                                      {product} {command line}
   size_t MarkStackSize                            = 4194304                                   {product} {ergonomic}
    uintx MaxGCPauseMillis                         = 20                                        {product} {command line}
   size_t MaxHeapSize                              = 2147483648                                {product} {command line}
     intx MaxInlineLevel                           = 15                                        {product} {command line}
   size_t MaxNewSize                               = 1287651328                                {product} {ergonomic}
   size_t MinHeapDeltaBytes                        = 1048576                                   {product} {ergonomic}
    uintx NonNMethodCodeHeapSize                   = 5836492                                {pd product} {ergonomic}
    uintx NonProfiledCodeHeapSize                  = 122910874                              {pd product} {ergonomic}
    uintx ProfiledCodeHeapSize                     = 122910874                              {pd product} {ergonomic}
    uintx ReservedCodeCacheSize                    = 251658240                              {pd product} {ergonomic}
     bool SegmentedCodeCache                       = true                                      {product} {ergonomic}
     bool UseCompressedClassPointers               = true                                 {lp64_product} {ergonomic}
     bool UseCompressedOops                        = true                                 {lp64_product} {ergonomic}
     bool UseG1GC                                  = true                                      {product} {command line}

Logging:
Log output configuration:
 #0: stdout all=warning uptime,level,tags
 #1: stderr all=off uptime,level,tags

Environment Variables:
JAVA_HOME=/opt/homebrew/Cellar/openjdk@11/11.0.12/libexec/openjdk.jdk/Contents/Home
PATH=/opt/homebrew/opt/gradle@6/bin:/opt/homebrew/opt/node@14/bin:/opt/homebrew/bin:/opt/homebrew/sbin:/usr/local/bin:/usr/bin:/bin:/usr/sbin:/sbin:/Library/Apple/usr/bin:/Users/willianbarbosa/Library/Android/sdk/emulator:/Users/willianbarbosa/Library/Android/sdk/tools:/Users/willianbarbosa/Library/Android/sdk/tools/bin:/Users/willianbarbosa/Library/Android/sdk/platform-tools:/Users/willianbarbosa/Library/Android/sdk/cmline-tools/latest/bin:/Users/willianbarbosa/Documents/kafka-3.1.0-src/bin
SHELL=/bin/zsh
LC_CTYPE=en_US.UTF-8

Signal Handlers:
SIGSEGV: [libjvm.dylib+0x68e354], sa_mask[0]=11111111011111110111111111111111, sa_flags=SA_ONSTACK|SA_RESTART|SA_SIGINFO
SIGBUS: [libjvm.dylib+0x68e354], sa_mask[0]=11111111011111110111111111111111, sa_flags=SA_RESTART|SA_SIGINFO
SIGFPE: [libjvm.dylib+0x68e354], sa_mask[0]=11111111011111110111111111111111, sa_flags=SA_RESTART|SA_SIGINFO
SIGPIPE: [libjvm.dylib+0x54b08c], sa_mask[0]=11111111011111110111111111111111, sa_flags=SA_RESTART|SA_SIGINFO
SIGXFSZ: [libjvm.dylib+0x54b08c], sa_mask[0]=11111111011111110111111111111111, sa_flags=SA_RESTART|SA_SIGINFO
SIGILL: [libjvm.dylib+0x68e354], sa_mask[0]=11111111011111110111111111111111, sa_flags=SA_RESTART|SA_SIGINFO
SIGUSR2: [libjvm.dylib+0x54b690], sa_mask[0]=00000000000000000000000000000000, sa_flags=SA_RESTART|SA_SIGINFO
SIGHUP: [libjvm.dylib+0x549e44], sa_mask[0]=11111111011111110111111111111111, sa_flags=SA_RESTART|SA_SIGINFO
SIGINT: [libjvm.dylib+0x549e44], sa_mask[0]=11111111011111110111111111111111, sa_flags=SA_RESTART|SA_SIGINFO
SIGTERM: [libjvm.dylib+0x549e44], sa_mask[0]=11111111011111110111111111111111, sa_flags=SA_RESTART|SA_SIGINFO
SIGQUIT: [libjvm.dylib+0x549e44], sa_mask[0]=11111111011111110111111111111111, sa_flags=SA_RESTART|SA_SIGINFO


---------------  S Y S T E M  ---------------

OS:uname:Darwin 21.5.0 Darwin Kernel Version 21.5.0: Tue Apr 26 21:08:29 PDT 2022; root:xnu-8020.121.3~4/RELEASE_ARM64_T8101 arm64
OS uptime: 0 days 2:44 hours
rlimit (soft/hard): STACK 8176k/65520k , CORE 0k/infinity , NPROC 1333/2000 , NOFILE 10240/infinity , AS infinity/infinity , CPU infinity/infinity , DATA infinity/infinity , FSIZE infinity/infinity , MEMLOCK infinity/infinity , RSS infinity/infinity
load average:2.60 2.85 3.10

CPU:total 8 (initial active 8) 0x61:0x0:0x1b588bb3:0, simd, crc, lse

Memory: 16k page, physical 8388608k(88832k free), swap 3145728k(752640k free)

vm_info: OpenJDK 64-Bit Server VM (11.0.12+0) for bsd-aarch64 JRE (11.0.12+0), built on Aug 15 2021 18:40:54 by "brew" with clang Apple LLVM 12.0.5 (clang-1205.0.22.9)

END.
